2023-05-29T02:16:32+00:00 Alexs-MBP.fios-router.home#00 I: Runner: processes
2023-05-29T02:16:32+00:00 Alexs-MBP.fios-router.home#00 I: Chooser: simple
2023-05-29T02:16:32+00:00 Alexs-MBP.fios-router.home#00 I: Configuration suite_name = "suite"
2023-05-29T02:16:32+00:00 Alexs-MBP.fios-router.home#00 I: Configuration cache_filename = "/Users/alex/Desktop/coding projects/programming language in ocaml/_build/oUnit-$(suite_name).cache"
2023-05-29T02:16:32+00:00 Alexs-MBP.fios-router.home#00 I: Configuration run_gc_full_major = "true"
2023-05-29T02:16:32+00:00 Alexs-MBP.fios-router.home#00 I: Configuration display = "true"
2023-05-29T02:16:32+00:00 Alexs-MBP.fios-router.home#00 I: Configuration results_style_1_X = "false"
2023-05-29T02:16:32+00:00 Alexs-MBP.fios-router.home#00 I: Configuration testdata_dir = "none"
2023-05-29T02:16:32+00:00 Alexs-MBP.fios-router.home#00 I: Configuration health_check_interval = "1."
2023-05-29T02:16:32+00:00 Alexs-MBP.fios-router.home#00 I: Configuration verbose = "false"
2023-05-29T02:16:32+00:00 Alexs-MBP.fios-router.home#00 I: Configuration chooser = "simple"
2023-05-29T02:16:32+00:00 Alexs-MBP.fios-router.home#00 I: Configuration output_html_dir = "none"
2023-05-29T02:16:32+00:00 Alexs-MBP.fios-router.home#00 I: Configuration processes_kill_period = "5."
2023-05-29T02:16:32+00:00 Alexs-MBP.fios-router.home#00 I: Configuration runner = "processes"
2023-05-29T02:16:32+00:00 Alexs-MBP.fios-router.home#00 I: Configuration shards = "2"
2023-05-29T02:16:32+00:00 Alexs-MBP.fios-router.home#00 I: Configuration processes_grace_period = "5."
2023-05-29T02:16:32+00:00 Alexs-MBP.fios-router.home#00 I: Configuration log_encoding = "utf-8"
2023-05-29T02:16:32+00:00 Alexs-MBP.fios-router.home#00 I: Configuration output_junit_file = "none"
2023-05-29T02:16:32+00:00 Alexs-MBP.fios-router.home#00 I: Configuration ci = "false"
2023-05-29T02:16:32+00:00 Alexs-MBP.fios-router.home#00 I: Configuration output_file = "/Users/alex/Desktop/coding projects/programming language in ocaml/_build/oUnit-$(suite_name)-$(shard_id).log"
2023-05-29T02:16:32+00:00 Alexs-MBP.fios-router.home#00 I: Using 2 workers maximum.
2023-05-29T02:16:32+00:00 Alexs-MBP.fios-router.home#00 I: Starting worker number Alexs-MBP.fios-router.home#01.
2023-05-29T02:16:32+00:00 Alexs-MBP.fios-router.home#00 I: Worker Alexs-MBP.fios-router.home#01 started.
2023-05-29T02:16:32+00:00 Alexs-MBP.fios-router.home#00 I: Starting worker number Alexs-MBP.fios-router.home#02.
2023-05-29T02:16:32+00:00 Alexs-MBP.fios-router.home#00 I: Worker Alexs-MBP.fios-router.home#02 started.
2023-05-29T02:16:32+00:00 Alexs-MBP.fios-router.home#00 I: Still 2 tests running : suite:1:addition, suite:0:1.
2023-05-29T02:16:32+00:00 Alexs-MBP.fios-router.home#00 I: 2 tests running: suite:1:addition, suite:0:1.
2023-05-29T02:16:32+00:00 Alexs-MBP.fios-router.home#01 I: Start test suite:0:1.
2023-05-29T02:16:32+00:00 Alexs-MBP.fios-router.home#00 I: Still 2 tests running : suite:1:addition, suite:0:1.
2023-05-29T02:16:32+00:00 Alexs-MBP.fios-router.home#00 I: 2 tests running: suite:1:addition, suite:0:1.
2023-05-29T02:16:32+00:00 Alexs-MBP.fios-router.home#02 I: Start test suite:1:addition.
2023-05-29T02:16:32+00:00 Alexs-MBP.fios-router.home#00 I: Still 2 tests running : suite:1:addition, suite:0:1.
2023-05-29T02:16:32+00:00 Alexs-MBP.fios-router.home#00 I: 2 tests running: suite:1:addition, suite:0:1.
2023-05-29T02:16:32+00:00 Alexs-MBP.fios-router.home#01 I: Test suite:0:1 is successful.
2023-05-29T02:16:32+00:00 Alexs-MBP.fios-router.home#00 I: Still 2 tests running : suite:1:addition, suite:0:1.
2023-05-29T02:16:32+00:00 Alexs-MBP.fios-router.home#00 I: 2 tests running: suite:1:addition, suite:0:1.
2023-05-29T02:16:32+00:00 Alexs-MBP.fios-router.home#01 I: End test suite:0:1.
2023-05-29T02:16:32+00:00 Alexs-MBP.fios-router.home#00 I: Still 2 tests running : suite:1:addition, suite:0:1.
2023-05-29T02:16:32+00:00 Alexs-MBP.fios-router.home#00 I: 2 tests running: suite:1:addition, suite:0:1.
2023-05-29T02:16:32+00:00 Alexs-MBP.fios-router.home#00 I: Still 1 tests running : suite:1:addition.
2023-05-29T02:16:32+00:00 Alexs-MBP.fios-router.home#00 I: 1 tests running: suite:1:addition.
2023-05-29T02:16:32+00:00 Alexs-MBP.fios-router.home#02 I: Test suite:1:addition is successful.
2023-05-29T02:16:32+00:00 Alexs-MBP.fios-router.home#00 I: Still 1 tests running : suite:1:addition.
2023-05-29T02:16:32+00:00 Alexs-MBP.fios-router.home#00 I: 1 tests running: suite:1:addition.
2023-05-29T02:16:32+00:00 Alexs-MBP.fios-router.home#02 I: End test suite:1:addition.
2023-05-29T02:16:32+00:00 Alexs-MBP.fios-router.home#00 I: Still 1 tests running : suite:1:addition.
2023-05-29T02:16:32+00:00 Alexs-MBP.fios-router.home#00 I: 1 tests running: suite:1:addition.
2023-05-29T02:16:32+00:00 Alexs-MBP.fios-router.home#00 I: 0 tests running: .
2023-05-29T02:16:32+00:00 Alexs-MBP.fios-router.home#00 I: Worker Alexs-MBP.fios-router.home#01 has ended.
2023-05-29T02:16:32+00:00 Alexs-MBP.fios-router.home#00 I: Worker Alexs-MBP.fios-router.home#02 has ended.
2023-05-29T02:16:32+00:00 Alexs-MBP.fios-router.home#00 I: Used 2 worker during test execution.
2023-05-29T02:16:32+00:00 Alexs-MBP.fios-router.home#00 I: Run 1 tests with shard Alexs-MBP.fios-router.home#01.
2023-05-29T02:16:32+00:00 Alexs-MBP.fios-router.home#00 I: Run 1 tests with shard Alexs-MBP.fios-router.home#02.
2023-05-29T02:16:32+00:00 Alexs-MBP.fios-router.home#00 I: Check health of shard Alexs-MBP.fios-router.home#01, 4 times.
2023-05-29T02:16:32+00:00 Alexs-MBP.fios-router.home#00 I: Check health of shard Alexs-MBP.fios-router.home#02, 1 times.
2023-05-29T02:16:32+00:00 Alexs-MBP.fios-router.home#00 I: ==============
2023-05-29T02:16:32+00:00 Alexs-MBP.fios-router.home#00 I: Summary:
2023-05-29T02:16:32+00:00 Alexs-MBP.fios-router.home#00 I: Test suite:1:addition is successful.
2023-05-29T02:16:32+00:00 Alexs-MBP.fios-router.home#00 I: Test suite:0:1 is successful.
2023-05-29T02:16:32+00:00 Alexs-MBP.fios-router.home#00 I: Ran: 2 tests in: 0.11 seconds.
2023-05-29T02:16:32+00:00 Alexs-MBP.fios-router.home#00 I: Cases: 2.
2023-05-29T02:16:32+00:00 Alexs-MBP.fios-router.home#00 I: Tried: 2.
2023-05-29T02:16:32+00:00 Alexs-MBP.fios-router.home#00 I: Errors: 0.
2023-05-29T02:16:32+00:00 Alexs-MBP.fios-router.home#00 I: Failures: 0.
2023-05-29T02:16:32+00:00 Alexs-MBP.fios-router.home#00 I: Skip: 0.
2023-05-29T02:16:32+00:00 Alexs-MBP.fios-router.home#00 I: Todo: 0.
2023-05-29T02:16:32+00:00 Alexs-MBP.fios-router.home#00 I: Timeout: 0.
