2023-06-03T18:49:47+00:00 Alexs-MBP.fios-router.home#01 I: Start test suite:0:1 + 2 SHOULD YIELD 3.
2023-06-03T18:49:47+00:00 Alexs-MBP.fios-router.home#01 I: Test suite:0:1 + 2 SHOULD YIELD 3 is successful.
2023-06-03T18:49:47+00:00 Alexs-MBP.fios-router.home#01 I: End test suite:0:1 + 2 SHOULD YIELD 3.
2023-06-03T18:49:47+00:00 Alexs-MBP.fios-router.home#01 I: Start test suite:2:( lam a -> a ) ( 1 + 2 ) SHOULD YIELD 3.
2023-06-03T18:49:47+00:00 Alexs-MBP.fios-router.home#01 I: Test suite:2:( lam a -> a ) ( 1 + 2 ) SHOULD YIELD 3 is successful.
2023-06-03T18:49:47+00:00 Alexs-MBP.fios-router.home#01 I: End test suite:2:( lam a -> a ) ( 1 + 2 ) SHOULD YIELD 3.
2023-06-03T18:49:47+00:00 Alexs-MBP.fios-router.home#01 I: Start test suite:4:bind a <- 1 + 2 + 1 in a SHOULD YIELD 4.
2023-06-03T18:49:47+00:00 Alexs-MBP.fios-router.home#01 I: Test suite:4:bind a <- 1 + 2 + 1 in a SHOULD YIELD 4 is successful.
2023-06-03T18:49:47+00:00 Alexs-MBP.fios-router.home#01 I: End test suite:4:bind a <- 1 + 2 + 1 in a SHOULD YIELD 4.
2023-06-03T18:49:47+00:00 Alexs-MBP.fios-router.home#01 I: Start test suite:6:1 + 2 + 2 SHOULD YIELD 5.
2023-06-03T18:49:47+00:00 Alexs-MBP.fios-router.home#01 I: Test suite:6:1 + 2 + 2 SHOULD YIELD 5 is successful.
2023-06-03T18:49:47+00:00 Alexs-MBP.fios-router.home#01 I: End test suite:6:1 + 2 + 2 SHOULD YIELD 5.
2023-06-03T18:49:47+00:00 Alexs-MBP.fios-router.home#01 I: Start test suite:8:( lam a -> a ) ( 1 + 2 + 2 ) SHOULD YIELD 5.
2023-06-03T18:49:47+00:00 Alexs-MBP.fios-router.home#01 I: Test suite:8:( lam a -> a ) ( 1 + 2 + 2 ) SHOULD YIELD 5 is successful.
2023-06-03T18:49:47+00:00 Alexs-MBP.fios-router.home#01 I: End test suite:8:( lam a -> a ) ( 1 + 2 + 2 ) SHOULD YIELD 5.
2023-06-03T18:49:47+00:00 Alexs-MBP.fios-router.home#01 I: Start test suite:10:bind a <- 1 + 2 + 3 in a SHOULD YIELD 6.
2023-06-03T18:49:47+00:00 Alexs-MBP.fios-router.home#01 I: Test suite:10:bind a <- 1 + 2 + 3 in a SHOULD YIELD 6 is successful.
2023-06-03T18:49:47+00:00 Alexs-MBP.fios-router.home#01 I: End test suite:10:bind a <- 1 + 2 + 3 in a SHOULD YIELD 6.
2023-06-03T18:49:47+00:00 Alexs-MBP.fios-router.home#01 I: Start test suite:12:1 + 2 + 4 SHOULD YIELD 7.
2023-06-03T18:49:47+00:00 Alexs-MBP.fios-router.home#01 I: Test suite:12:1 + 2 + 4 SHOULD YIELD 7 is successful.
2023-06-03T18:49:47+00:00 Alexs-MBP.fios-router.home#01 I: End test suite:12:1 + 2 + 4 SHOULD YIELD 7.
2023-06-03T18:49:47+00:00 Alexs-MBP.fios-router.home#01 I: Start test suite:14:( lam a -> a ) ( 1 + 2 + 4 ) SHOULD YIELD 7.
2023-06-03T18:49:47+00:00 Alexs-MBP.fios-router.home#01 I: Test suite:14:( lam a -> a ) ( 1 + 2 + 4 ) SHOULD YIELD 7 is successful.
2023-06-03T18:49:47+00:00 Alexs-MBP.fios-router.home#01 I: End test suite:14:( lam a -> a ) ( 1 + 2 + 4 ) SHOULD YIELD 7.
2023-06-03T18:49:47+00:00 Alexs-MBP.fios-router.home#01 I: Start test suite:16:bind a <- 1 + 2 + 5 in a SHOULD YIELD 8.
2023-06-03T18:49:47+00:00 Alexs-MBP.fios-router.home#01 I: Test suite:16:bind a <- 1 + 2 + 5 in a SHOULD YIELD 8 is successful.
2023-06-03T18:49:47+00:00 Alexs-MBP.fios-router.home#01 I: End test suite:16:bind a <- 1 + 2 + 5 in a SHOULD YIELD 8.
2023-06-03T18:49:47+00:00 Alexs-MBP.fios-router.home#01 I: Start test suite:18:( 1 + 2 ) * 2 SHOULD YIELD 6.
2023-06-03T18:49:47+00:00 Alexs-MBP.fios-router.home#01 I: Test suite:18:( 1 + 2 ) * 2 SHOULD YIELD 6 is successful.
2023-06-03T18:49:47+00:00 Alexs-MBP.fios-router.home#01 I: End test suite:18:( 1 + 2 ) * 2 SHOULD YIELD 6.
2023-06-03T18:49:47+00:00 Alexs-MBP.fios-router.home#01 I: Start test suite:20:( lam a -> a ) ( ( 1 + 2 ) * 2 ) SHOULD YIELD 6.
2023-06-03T18:49:47+00:00 Alexs-MBP.fios-router.home#01 I: Test suite:20:( lam a -> a ) ( ( 1 + 2 ) * 2 ) SHOULD YIELD 6 is successful.
2023-06-03T18:49:47+00:00 Alexs-MBP.fios-router.home#01 I: End test suite:20:( lam a -> a ) ( ( 1 + 2 ) * 2 ) SHOULD YIELD 6.
2023-06-03T18:49:47+00:00 Alexs-MBP.fios-router.home#01 I: Start test suite:22:bind a <- ( 1 + 2 ) * 3 in a SHOULD YIELD 9.
2023-06-03T18:49:47+00:00 Alexs-MBP.fios-router.home#01 I: Test suite:22:bind a <- ( 1 + 2 ) * 3 in a SHOULD YIELD 9 is successful.
2023-06-03T18:49:47+00:00 Alexs-MBP.fios-router.home#01 I: End test suite:22:bind a <- ( 1 + 2 ) * 3 in a SHOULD YIELD 9.
2023-06-03T18:49:47+00:00 Alexs-MBP.fios-router.home#01 I: Start test suite:24:( 1 + 2 ) / 2 SHOULD YIELD 1.
2023-06-03T18:49:47+00:00 Alexs-MBP.fios-router.home#01 I: Test suite:24:( 1 + 2 ) / 2 SHOULD YIELD 1 is successful.
2023-06-03T18:49:47+00:00 Alexs-MBP.fios-router.home#01 I: End test suite:24:( 1 + 2 ) / 2 SHOULD YIELD 1.
2023-06-03T18:49:47+00:00 Alexs-MBP.fios-router.home#01 I: Start test suite:26:( lam a -> a ) ( ( 1 + 2 ) / 2 ) SHOULD YIELD 1.
2023-06-03T18:49:47+00:00 Alexs-MBP.fios-router.home#01 I: Test suite:26:( lam a -> a ) ( ( 1 + 2 ) / 2 ) SHOULD YIELD 1 is successful.
2023-06-03T18:49:47+00:00 Alexs-MBP.fios-router.home#01 I: End test suite:26:( lam a -> a ) ( ( 1 + 2 ) / 2 ) SHOULD YIELD 1.
2023-06-03T18:49:47+00:00 Alexs-MBP.fios-router.home#01 I: Start test suite:28:bind a <- ( 1 + 2 ) / 3 in a SHOULD YIELD 1.
2023-06-03T18:49:47+00:00 Alexs-MBP.fios-router.home#01 I: Test suite:28:bind a <- ( 1 + 2 ) / 3 in a SHOULD YIELD 1 is successful.
2023-06-03T18:49:47+00:00 Alexs-MBP.fios-router.home#01 I: End test suite:28:bind a <- ( 1 + 2 ) / 3 in a SHOULD YIELD 1.
2023-06-03T18:49:47+00:00 Alexs-MBP.fios-router.home#01 I: Start test suite:30:( 1 + 2 ) / 4 SHOULD YIELD 0.
2023-06-03T18:49:48+00:00 Alexs-MBP.fios-router.home#01 I: Test suite:30:( 1 + 2 ) / 4 SHOULD YIELD 0 is successful.
2023-06-03T18:49:48+00:00 Alexs-MBP.fios-router.home#01 I: End test suite:30:( 1 + 2 ) / 4 SHOULD YIELD 0.
2023-06-03T18:49:48+00:00 Alexs-MBP.fios-router.home#01 I: Start test suite:32:( lam a -> a ) ( ( 1 + 2 ) / 4 ) SHOULD YIELD 0.
2023-06-03T18:49:48+00:00 Alexs-MBP.fios-router.home#01 I: Test suite:32:( lam a -> a ) ( ( 1 + 2 ) / 4 ) SHOULD YIELD 0 is successful.
2023-06-03T18:49:48+00:00 Alexs-MBP.fios-router.home#01 I: End test suite:32:( lam a -> a ) ( ( 1 + 2 ) / 4 ) SHOULD YIELD 0.
2023-06-03T18:49:48+00:00 Alexs-MBP.fios-router.home#01 I: Start test suite:34:bind a <- ~- ( 1 + 2 ) in a SHOULD YIELD -3.
2023-06-03T18:49:48+00:00 Alexs-MBP.fios-router.home#01 I: Test suite:34:bind a <- ~- ( 1 + 2 ) in a SHOULD YIELD -3 is successful.
2023-06-03T18:49:48+00:00 Alexs-MBP.fios-router.home#01 I: End test suite:34:bind a <- ~- ( 1 + 2 ) in a SHOULD YIELD -3.
2023-06-03T18:49:48+00:00 Alexs-MBP.fios-router.home#01 I: Start test suite:36:if true then 1 + 2 else 0 SHOULD YIELD 3.
2023-06-03T18:49:48+00:00 Alexs-MBP.fios-router.home#01 I: Test suite:36:if true then 1 + 2 else 0 SHOULD YIELD 3 is successful.
2023-06-03T18:49:48+00:00 Alexs-MBP.fios-router.home#01 I: End test suite:36:if true then 1 + 2 else 0 SHOULD YIELD 3.
2023-06-03T18:49:48+00:00 Alexs-MBP.fios-router.home#01 I: Start test suite:38:( lam a -> a ) ( if true then 1 + 2 else 0 ) SHOULD YIELD 3.
2023-06-03T18:49:48+00:00 Alexs-MBP.fios-router.home#01 I: Test suite:38:( lam a -> a ) ( if true then 1 + 2 else 0 ) SHOULD YIELD 3 is successful.
2023-06-03T18:49:48+00:00 Alexs-MBP.fios-router.home#01 I: End test suite:38:( lam a -> a ) ( if true then 1 + 2 else 0 ) SHOULD YIELD 3.
2023-06-03T18:49:48+00:00 Alexs-MBP.fios-router.home#01 I: Start test suite:40:bind a <- if false then 0 else 1 + 2 in a SHOULD YIELD 3.
2023-06-03T18:49:48+00:00 Alexs-MBP.fios-router.home#01 I: Test suite:40:bind a <- if false then 0 else 1 + 2 in a SHOULD YIELD 3 is successful.
2023-06-03T18:49:48+00:00 Alexs-MBP.fios-router.home#01 I: End test suite:40:bind a <- if false then 0 else 1 + 2 in a SHOULD YIELD 3.
2023-06-03T18:49:48+00:00 Alexs-MBP.fios-router.home#01 I: Start test suite:42:if false then 1 + 2 else 0 SHOULD YIELD 0.
2023-06-03T18:49:48+00:00 Alexs-MBP.fios-router.home#01 I: Test suite:42:if false then 1 + 2 else 0 SHOULD YIELD 0 is successful.
2023-06-03T18:49:48+00:00 Alexs-MBP.fios-router.home#01 I: End test suite:42:if false then 1 + 2 else 0 SHOULD YIELD 0.
2023-06-03T18:49:48+00:00 Alexs-MBP.fios-router.home#01 I: Start test suite:44:( lam a -> a ) ( if false then 1 + 2 else 0 ) SHOULD YIELD 0.
2023-06-03T18:49:48+00:00 Alexs-MBP.fios-router.home#01 I: Test suite:44:( lam a -> a ) ( if false then 1 + 2 else 0 ) SHOULD YIELD 0 is successful.
2023-06-03T18:49:48+00:00 Alexs-MBP.fios-router.home#01 I: End test suite:44:( lam a -> a ) ( if false then 1 + 2 else 0 ) SHOULD YIELD 0.
2023-06-03T18:49:48+00:00 Alexs-MBP.fios-router.home#01 I: Start test suite:46:bind a <- if true then 0 else 1 + 2 in a SHOULD YIELD 0.
2023-06-03T18:49:48+00:00 Alexs-MBP.fios-router.home#01 I: Test suite:46:bind a <- if true then 0 else 1 + 2 in a SHOULD YIELD 0 is successful.
2023-06-03T18:49:48+00:00 Alexs-MBP.fios-router.home#01 I: End test suite:46:bind a <- if true then 0 else 1 + 2 in a SHOULD YIELD 0.
2023-06-03T18:49:48+00:00 Alexs-MBP.fios-router.home#01 I: Start test suite:48:1 + 2 + 1 + 2 + 3 + 4 + 5 + 6 + 7 + 8 + 9 + 10 SHOULD YIELD 58.
2023-06-03T18:49:48+00:00 Alexs-MBP.fios-router.home#01 I: Test suite:48:1 + 2 + 1 + 2 + 3 + 4 + 5 + 6 + 7 + 8 + 9 + 10 SHOULD YIELD 58 is successful.
2023-06-03T18:49:48+00:00 Alexs-MBP.fios-router.home#01 I: End test suite:48:1 + 2 + 1 + 2 + 3 + 4 + 5 + 6 + 7 + 8 + 9 + 10 SHOULD YIELD 58.
2023-06-03T18:49:48+00:00 Alexs-MBP.fios-router.home#01 I: Start test suite:50:( lam a -> a ) ( 1 + 2 + 1 + 2 + 3 + 4 + 5 + 6 + 7 + 8 + 9 + 10 ) SHOULD YIELD 58.
2023-06-03T18:49:48+00:00 Alexs-MBP.fios-router.home#01 I: Test suite:50:( lam a -> a ) ( 1 + 2 + 1 + 2 + 3 + 4 + 5 + 6 + 7 + 8 + 9 + 10 ) SHOULD YIELD 58 is successful.
2023-06-03T18:49:48+00:00 Alexs-MBP.fios-router.home#01 I: End test suite:50:( lam a -> a ) ( 1 + 2 + 1 + 2 + 3 + 4 + 5 + 6 + 7 + 8 + 9 + 10 ) SHOULD YIELD 58.
2023-06-03T18:49:48+00:00 Alexs-MBP.fios-router.home#01 I: Start test suite:52:bind a <- (lam n -> n) (1 + 2 ) in a SHOULD YIELD 3.
2023-06-03T18:49:48+00:00 Alexs-MBP.fios-router.home#01 I: Test suite:52:bind a <- (lam n -> n) (1 + 2 ) in a SHOULD YIELD 3 is successful.
2023-06-03T18:49:48+00:00 Alexs-MBP.fios-router.home#01 I: End test suite:52:bind a <- (lam n -> n) (1 + 2 ) in a SHOULD YIELD 3.
2023-06-03T18:49:48+00:00 Alexs-MBP.fios-router.home#01 I: Start test suite:54:(lam n -> n + 1) (1 + 2 ) SHOULD YIELD 4.
2023-06-03T18:49:48+00:00 Alexs-MBP.fios-router.home#01 I: Test suite:54:(lam n -> n + 1) (1 + 2 ) SHOULD YIELD 4 is successful.
2023-06-03T18:49:48+00:00 Alexs-MBP.fios-router.home#01 I: End test suite:54:(lam n -> n + 1) (1 + 2 ) SHOULD YIELD 4.
2023-06-03T18:49:48+00:00 Alexs-MBP.fios-router.home#01 I: Start test suite:56:( lam a -> a ) ( (lam n -> n + 1) (1 + 2 ) ) SHOULD YIELD 4.
2023-06-03T18:49:48+00:00 Alexs-MBP.fios-router.home#01 I: Test suite:56:( lam a -> a ) ( (lam n -> n + 1) (1 + 2 ) ) SHOULD YIELD 4 is successful.
2023-06-03T18:49:48+00:00 Alexs-MBP.fios-router.home#01 I: End test suite:56:( lam a -> a ) ( (lam n -> n + 1) (1 + 2 ) ) SHOULD YIELD 4.
2023-06-03T18:49:48+00:00 Alexs-MBP.fios-router.home#01 I: Start test suite:58:bind a <- (lam a -> lam b -> a + b) (1 + 2 ) ( 1 + 2 ) in a SHOULD YIELD 6.
2023-06-03T18:49:48+00:00 Alexs-MBP.fios-router.home#01 I: Test suite:58:bind a <- (lam a -> lam b -> a + b) (1 + 2 ) ( 1 + 2 ) in a SHOULD YIELD 6 is successful.
2023-06-03T18:49:48+00:00 Alexs-MBP.fios-router.home#01 I: End test suite:58:bind a <- (lam a -> lam b -> a + b) (1 + 2 ) ( 1 + 2 ) in a SHOULD YIELD 6.
2023-06-03T18:49:48+00:00 Alexs-MBP.fios-router.home#01 I: Start test suite:60:bind a <- 1 + 2 in a SHOULD YIELD 3.
2023-06-03T18:49:48+00:00 Alexs-MBP.fios-router.home#01 I: Test suite:60:bind a <- 1 + 2 in a SHOULD YIELD 3 is successful.
2023-06-03T18:49:48+00:00 Alexs-MBP.fios-router.home#01 I: End test suite:60:bind a <- 1 + 2 in a SHOULD YIELD 3.
2023-06-03T18:49:48+00:00 Alexs-MBP.fios-router.home#01 I: Start test suite:62:( lam a -> a ) ( bind a <- 1 + 2 in a ) SHOULD YIELD 3.
2023-06-03T18:49:48+00:00 Alexs-MBP.fios-router.home#01 I: Test suite:62:( lam a -> a ) ( bind a <- 1 + 2 in a ) SHOULD YIELD 3 is successful.
2023-06-03T18:49:48+00:00 Alexs-MBP.fios-router.home#01 I: End test suite:62:( lam a -> a ) ( bind a <- 1 + 2 in a ) SHOULD YIELD 3.
2023-06-03T18:49:48+00:00 Alexs-MBP.fios-router.home#01 I: Start test suite:64:bind a <- bind a <- 1 + 2 in a + 1 in a SHOULD YIELD 4.
2023-06-03T18:49:48+00:00 Alexs-MBP.fios-router.home#01 I: Test suite:64:bind a <- bind a <- 1 + 2 in a + 1 in a SHOULD YIELD 4 is successful.
2023-06-03T18:49:48+00:00 Alexs-MBP.fios-router.home#01 I: End test suite:64:bind a <- bind a <- 1 + 2 in a + 1 in a SHOULD YIELD 4.
2023-06-03T18:49:48+00:00 Alexs-MBP.fios-router.home#01 I: Start test suite:66:1 + 2 + 3 + 4 SHOULD YIELD 10.
2023-06-03T18:49:48+00:00 Alexs-MBP.fios-router.home#01 I: Test suite:66:1 + 2 + 3 + 4 SHOULD YIELD 10 is successful.
2023-06-03T18:49:48+00:00 Alexs-MBP.fios-router.home#01 I: End test suite:66:1 + 2 + 3 + 4 SHOULD YIELD 10.
2023-06-03T18:49:48+00:00 Alexs-MBP.fios-router.home#01 I: Start test suite:68:( lam a -> a ) ( 1 + 2 + 3 + 4 ) SHOULD YIELD 10.
2023-06-03T18:49:48+00:00 Alexs-MBP.fios-router.home#01 I: Test suite:68:( lam a -> a ) ( 1 + 2 + 3 + 4 ) SHOULD YIELD 10 is successful.
2023-06-03T18:49:48+00:00 Alexs-MBP.fios-router.home#01 I: End test suite:68:( lam a -> a ) ( 1 + 2 + 3 + 4 ) SHOULD YIELD 10.
2023-06-03T18:49:48+00:00 Alexs-MBP.fios-router.home#01 I: Start test suite:70:bind a <- 1 + 2 + 3 + 4 + 1 in a SHOULD YIELD 11.
2023-06-03T18:49:48+00:00 Alexs-MBP.fios-router.home#01 I: Test suite:70:bind a <- 1 + 2 + 3 + 4 + 1 in a SHOULD YIELD 11 is successful.
2023-06-03T18:49:48+00:00 Alexs-MBP.fios-router.home#01 I: End test suite:70:bind a <- 1 + 2 + 3 + 4 + 1 in a SHOULD YIELD 11.
2023-06-03T18:49:48+00:00 Alexs-MBP.fios-router.home#01 I: Start test suite:72:1 + 2 + 3 + 4 + 2 SHOULD YIELD 12.
2023-06-03T18:49:48+00:00 Alexs-MBP.fios-router.home#01 I: Test suite:72:1 + 2 + 3 + 4 + 2 SHOULD YIELD 12 is successful.
2023-06-03T18:49:48+00:00 Alexs-MBP.fios-router.home#01 I: End test suite:72:1 + 2 + 3 + 4 + 2 SHOULD YIELD 12.
2023-06-03T18:49:48+00:00 Alexs-MBP.fios-router.home#01 I: Start test suite:74:( lam a -> a ) ( 1 + 2 + 3 + 4 + 2 ) SHOULD YIELD 12.
2023-06-03T18:49:48+00:00 Alexs-MBP.fios-router.home#01 I: Test suite:74:( lam a -> a ) ( 1 + 2 + 3 + 4 + 2 ) SHOULD YIELD 12 is successful.
2023-06-03T18:49:48+00:00 Alexs-MBP.fios-router.home#01 I: End test suite:74:( lam a -> a ) ( 1 + 2 + 3 + 4 + 2 ) SHOULD YIELD 12.
2023-06-03T18:49:48+00:00 Alexs-MBP.fios-router.home#01 I: Start test suite:76:bind a <- 1 + 2 + 3 + 4 + 3 in a SHOULD YIELD 13.
2023-06-03T18:49:48+00:00 Alexs-MBP.fios-router.home#01 I: Test suite:76:bind a <- 1 + 2 + 3 + 4 + 3 in a SHOULD YIELD 13 is successful.
2023-06-03T18:49:48+00:00 Alexs-MBP.fios-router.home#01 I: End test suite:76:bind a <- 1 + 2 + 3 + 4 + 3 in a SHOULD YIELD 13.
2023-06-03T18:49:48+00:00 Alexs-MBP.fios-router.home#01 I: Start test suite:78:1 + 2 + 3 + 4 + 4 SHOULD YIELD 14.
2023-06-03T18:49:48+00:00 Alexs-MBP.fios-router.home#01 I: Test suite:78:1 + 2 + 3 + 4 + 4 SHOULD YIELD 14 is successful.
2023-06-03T18:49:48+00:00 Alexs-MBP.fios-router.home#01 I: End test suite:78:1 + 2 + 3 + 4 + 4 SHOULD YIELD 14.
2023-06-03T18:49:48+00:00 Alexs-MBP.fios-router.home#01 I: Start test suite:80:( lam a -> a ) ( 1 + 2 + 3 + 4 + 4 ) SHOULD YIELD 14.
2023-06-03T18:49:48+00:00 Alexs-MBP.fios-router.home#01 I: Test suite:80:( lam a -> a ) ( 1 + 2 + 3 + 4 + 4 ) SHOULD YIELD 14 is successful.
2023-06-03T18:49:48+00:00 Alexs-MBP.fios-router.home#01 I: End test suite:80:( lam a -> a ) ( 1 + 2 + 3 + 4 + 4 ) SHOULD YIELD 14.
2023-06-03T18:49:48+00:00 Alexs-MBP.fios-router.home#01 I: Start test suite:82:bind a <- 1 + 2 + 3 + 4 + 5 in a SHOULD YIELD 15.
2023-06-03T18:49:48+00:00 Alexs-MBP.fios-router.home#01 I: Test suite:82:bind a <- 1 + 2 + 3 + 4 + 5 in a SHOULD YIELD 15 is successful.
2023-06-03T18:49:48+00:00 Alexs-MBP.fios-router.home#01 I: End test suite:82:bind a <- 1 + 2 + 3 + 4 + 5 in a SHOULD YIELD 15.
2023-06-03T18:49:48+00:00 Alexs-MBP.fios-router.home#01 I: Start test suite:84:( 1 + 2 + 3 + 4 ) * 2 SHOULD YIELD 20.
2023-06-03T18:49:48+00:00 Alexs-MBP.fios-router.home#01 I: Test suite:84:( 1 + 2 + 3 + 4 ) * 2 SHOULD YIELD 20 is successful.
2023-06-03T18:49:48+00:00 Alexs-MBP.fios-router.home#01 I: End test suite:84:( 1 + 2 + 3 + 4 ) * 2 SHOULD YIELD 20.
2023-06-03T18:49:48+00:00 Alexs-MBP.fios-router.home#01 I: Start test suite:86:( lam a -> a ) ( ( 1 + 2 + 3 + 4 ) * 2 ) SHOULD YIELD 20.
2023-06-03T18:49:48+00:00 Alexs-MBP.fios-router.home#01 I: Test suite:86:( lam a -> a ) ( ( 1 + 2 + 3 + 4 ) * 2 ) SHOULD YIELD 20 is successful.
2023-06-03T18:49:48+00:00 Alexs-MBP.fios-router.home#01 I: End test suite:86:( lam a -> a ) ( ( 1 + 2 + 3 + 4 ) * 2 ) SHOULD YIELD 20.
2023-06-03T18:49:48+00:00 Alexs-MBP.fios-router.home#01 I: Start test suite:88:bind a <- ( 1 + 2 + 3 + 4 ) * 3 in a SHOULD YIELD 30.
2023-06-03T18:49:48+00:00 Alexs-MBP.fios-router.home#01 I: Test suite:88:bind a <- ( 1 + 2 + 3 + 4 ) * 3 in a SHOULD YIELD 30 is successful.
2023-06-03T18:49:48+00:00 Alexs-MBP.fios-router.home#01 I: End test suite:88:bind a <- ( 1 + 2 + 3 + 4 ) * 3 in a SHOULD YIELD 30.
2023-06-03T18:49:48+00:00 Alexs-MBP.fios-router.home#01 I: Start test suite:89:( lam a -> a ) ( ( 1 + 2 + 3 + 4 ) * 3 ) SHOULD YIELD 30.
2023-06-03T18:49:48+00:00 Alexs-MBP.fios-router.home#01 I: Test suite:89:( lam a -> a ) ( ( 1 + 2 + 3 + 4 ) * 3 ) SHOULD YIELD 30 is successful.
2023-06-03T18:49:48+00:00 Alexs-MBP.fios-router.home#01 I: End test suite:89:( lam a -> a ) ( ( 1 + 2 + 3 + 4 ) * 3 ) SHOULD YIELD 30.
2023-06-03T18:49:48+00:00 Alexs-MBP.fios-router.home#01 I: Start test suite:91:bind a <- ( 1 + 2 + 3 + 4 ) / 2 in a SHOULD YIELD 5.
2023-06-03T18:49:48+00:00 Alexs-MBP.fios-router.home#01 I: Test suite:91:bind a <- ( 1 + 2 + 3 + 4 ) / 2 in a SHOULD YIELD 5 is successful.
2023-06-03T18:49:48+00:00 Alexs-MBP.fios-router.home#01 I: End test suite:91:bind a <- ( 1 + 2 + 3 + 4 ) / 2 in a SHOULD YIELD 5.
2023-06-03T18:49:48+00:00 Alexs-MBP.fios-router.home#01 I: Start test suite:93:( 1 + 2 + 3 + 4 ) / 3 SHOULD YIELD 3.
2023-06-03T18:49:48+00:00 Alexs-MBP.fios-router.home#01 I: Test suite:93:( 1 + 2 + 3 + 4 ) / 3 SHOULD YIELD 3 is successful.
2023-06-03T18:49:48+00:00 Alexs-MBP.fios-router.home#01 I: End test suite:93:( 1 + 2 + 3 + 4 ) / 3 SHOULD YIELD 3.
2023-06-03T18:49:48+00:00 Alexs-MBP.fios-router.home#01 I: Start test suite:96:( 1 + 2 + 3 + 4 ) / 4 SHOULD YIELD 2.
2023-06-03T18:49:48+00:00 Alexs-MBP.fios-router.home#01 I: Test suite:96:( 1 + 2 + 3 + 4 ) / 4 SHOULD YIELD 2 is successful.
2023-06-03T18:49:48+00:00 Alexs-MBP.fios-router.home#01 I: End test suite:96:( 1 + 2 + 3 + 4 ) / 4 SHOULD YIELD 2.
2023-06-03T18:49:48+00:00 Alexs-MBP.fios-router.home#01 I: Start test suite:98:( lam a -> a ) ( ( 1 + 2 + 3 + 4 ) / 4 ) SHOULD YIELD 2.
2023-06-03T18:49:48+00:00 Alexs-MBP.fios-router.home#01 I: Test suite:98:( lam a -> a ) ( ( 1 + 2 + 3 + 4 ) / 4 ) SHOULD YIELD 2 is successful.
2023-06-03T18:49:48+00:00 Alexs-MBP.fios-router.home#01 I: End test suite:98:( lam a -> a ) ( ( 1 + 2 + 3 + 4 ) / 4 ) SHOULD YIELD 2.
2023-06-03T18:49:48+00:00 Alexs-MBP.fios-router.home#01 I: Start test suite:100:bind a <- ~- ( 1 + 2 + 3 + 4 ) in a SHOULD YIELD -10.
2023-06-03T18:49:48+00:00 Alexs-MBP.fios-router.home#01 I: Test suite:100:bind a <- ~- ( 1 + 2 + 3 + 4 ) in a SHOULD YIELD -10 is successful.
2023-06-03T18:49:48+00:00 Alexs-MBP.fios-router.home#01 I: End test suite:100:bind a <- ~- ( 1 + 2 + 3 + 4 ) in a SHOULD YIELD -10.
2023-06-03T18:49:48+00:00 Alexs-MBP.fios-router.home#01 I: Start test suite:102:if true then 1 + 2 + 3 + 4 else 0 SHOULD YIELD 10.
2023-06-03T18:49:48+00:00 Alexs-MBP.fios-router.home#01 I: Test suite:102:if true then 1 + 2 + 3 + 4 else 0 SHOULD YIELD 10 is successful.
2023-06-03T18:49:48+00:00 Alexs-MBP.fios-router.home#01 I: End test suite:102:if true then 1 + 2 + 3 + 4 else 0 SHOULD YIELD 10.
2023-06-03T18:49:48+00:00 Alexs-MBP.fios-router.home#01 I: Start test suite:104:( lam a -> a ) ( if true then 1 + 2 + 3 + 4 else 0 ) SHOULD YIELD 10.
2023-06-03T18:49:48+00:00 Alexs-MBP.fios-router.home#01 I: Test suite:104:( lam a -> a ) ( if true then 1 + 2 + 3 + 4 else 0 ) SHOULD YIELD 10 is successful.
2023-06-03T18:49:48+00:00 Alexs-MBP.fios-router.home#01 I: End test suite:104:( lam a -> a ) ( if true then 1 + 2 + 3 + 4 else 0 ) SHOULD YIELD 10.
2023-06-03T18:49:48+00:00 Alexs-MBP.fios-router.home#01 I: Start test suite:106:bind a <- if false then 0 else 1 + 2 + 3 + 4 in a SHOULD YIELD 10.
2023-06-03T18:49:48+00:00 Alexs-MBP.fios-router.home#01 I: Test suite:106:bind a <- if false then 0 else 1 + 2 + 3 + 4 in a SHOULD YIELD 10 is successful.
2023-06-03T18:49:48+00:00 Alexs-MBP.fios-router.home#01 I: End test suite:106:bind a <- if false then 0 else 1 + 2 + 3 + 4 in a SHOULD YIELD 10.
2023-06-03T18:49:48+00:00 Alexs-MBP.fios-router.home#01 I: Start test suite:108:if false then 1 + 2 + 3 + 4 else 0 SHOULD YIELD 0.
2023-06-03T18:49:48+00:00 Alexs-MBP.fios-router.home#01 I: Test suite:108:if false then 1 + 2 + 3 + 4 else 0 SHOULD YIELD 0 is successful.
2023-06-03T18:49:48+00:00 Alexs-MBP.fios-router.home#01 I: End test suite:108:if false then 1 + 2 + 3 + 4 else 0 SHOULD YIELD 0.
2023-06-03T18:49:48+00:00 Alexs-MBP.fios-router.home#01 I: Start test suite:110:( lam a -> a ) ( if false then 1 + 2 + 3 + 4 else 0 ) SHOULD YIELD 0.
2023-06-03T18:49:48+00:00 Alexs-MBP.fios-router.home#01 I: Test suite:110:( lam a -> a ) ( if false then 1 + 2 + 3 + 4 else 0 ) SHOULD YIELD 0 is successful.
2023-06-03T18:49:48+00:00 Alexs-MBP.fios-router.home#01 I: End test suite:110:( lam a -> a ) ( if false then 1 + 2 + 3 + 4 else 0 ) SHOULD YIELD 0.
2023-06-03T18:49:48+00:00 Alexs-MBP.fios-router.home#01 I: Start test suite:112:bind a <- if true then 0 else 1 + 2 + 3 + 4 in a SHOULD YIELD 0.
2023-06-03T18:49:48+00:00 Alexs-MBP.fios-router.home#01 I: Test suite:112:bind a <- if true then 0 else 1 + 2 + 3 + 4 in a SHOULD YIELD 0 is successful.
2023-06-03T18:49:48+00:00 Alexs-MBP.fios-router.home#01 I: End test suite:112:bind a <- if true then 0 else 1 + 2 + 3 + 4 in a SHOULD YIELD 0.
2023-06-03T18:49:48+00:00 Alexs-MBP.fios-router.home#01 I: Start test suite:114:1 + 2 + 3 + 4 + 1 + 2 + 3 + 4 + 5 + 6 + 7 + 8 + 9 + 10 SHOULD YIELD 65.
2023-06-03T18:49:49+00:00 Alexs-MBP.fios-router.home#01 I: Test suite:114:1 + 2 + 3 + 4 + 1 + 2 + 3 + 4 + 5 + 6 + 7 + 8 + 9 + 10 SHOULD YIELD 65 is successful.
2023-06-03T18:49:49+00:00 Alexs-MBP.fios-router.home#01 I: End test suite:114:1 + 2 + 3 + 4 + 1 + 2 + 3 + 4 + 5 + 6 + 7 + 8 + 9 + 10 SHOULD YIELD 65.
2023-06-03T18:49:49+00:00 Alexs-MBP.fios-router.home#01 I: Start test suite:116:( lam a -> a ) ( 1 + 2 + 3 + 4 + 1 + 2 + 3 + 4 + 5 + 6 + 7 + 8 + 9 + 10 ) SHOULD YIELD 65.
2023-06-03T18:49:49+00:00 Alexs-MBP.fios-router.home#01 I: Test suite:116:( lam a -> a ) ( 1 + 2 + 3 + 4 + 1 + 2 + 3 + 4 + 5 + 6 + 7 + 8 + 9 + 10 ) SHOULD YIELD 65 is successful.
2023-06-03T18:49:49+00:00 Alexs-MBP.fios-router.home#01 I: End test suite:116:( lam a -> a ) ( 1 + 2 + 3 + 4 + 1 + 2 + 3 + 4 + 5 + 6 + 7 + 8 + 9 + 10 ) SHOULD YIELD 65.
2023-06-03T18:49:49+00:00 Alexs-MBP.fios-router.home#01 I: Start test suite:118:bind a <- (lam n -> n) (1 + 2 + 3 + 4 ) in a SHOULD YIELD 10.
2023-06-03T18:49:49+00:00 Alexs-MBP.fios-router.home#01 I: Test suite:118:bind a <- (lam n -> n) (1 + 2 + 3 + 4 ) in a SHOULD YIELD 10 is successful.
2023-06-03T18:49:49+00:00 Alexs-MBP.fios-router.home#01 I: End test suite:118:bind a <- (lam n -> n) (1 + 2 + 3 + 4 ) in a SHOULD YIELD 10.
2023-06-03T18:49:49+00:00 Alexs-MBP.fios-router.home#01 I: Start test suite:120:(lam n -> n + 1) (1 + 2 + 3 + 4 ) SHOULD YIELD 11.
2023-06-03T18:49:49+00:00 Alexs-MBP.fios-router.home#01 I: Test suite:120:(lam n -> n + 1) (1 + 2 + 3 + 4 ) SHOULD YIELD 11 is successful.
2023-06-03T18:49:49+00:00 Alexs-MBP.fios-router.home#01 I: End test suite:120:(lam n -> n + 1) (1 + 2 + 3 + 4 ) SHOULD YIELD 11.
2023-06-03T18:49:49+00:00 Alexs-MBP.fios-router.home#01 I: Start test suite:122:( lam a -> a ) ( (lam n -> n + 1) (1 + 2 + 3 + 4 ) ) SHOULD YIELD 11.
2023-06-03T18:49:49+00:00 Alexs-MBP.fios-router.home#01 I: Test suite:122:( lam a -> a ) ( (lam n -> n + 1) (1 + 2 + 3 + 4 ) ) SHOULD YIELD 11 is successful.
2023-06-03T18:49:49+00:00 Alexs-MBP.fios-router.home#01 I: End test suite:122:( lam a -> a ) ( (lam n -> n + 1) (1 + 2 + 3 + 4 ) ) SHOULD YIELD 11.
2023-06-03T18:49:49+00:00 Alexs-MBP.fios-router.home#01 I: Start test suite:123:(lam a -> lam b -> a + b) (1 + 2 + 3 + 4 ) ( 1 + 2 + 3 + 4 ) SHOULD YIELD 20.
2023-06-03T18:49:49+00:00 Alexs-MBP.fios-router.home#01 I: Test suite:123:(lam a -> lam b -> a + b) (1 + 2 + 3 + 4 ) ( 1 + 2 + 3 + 4 ) SHOULD YIELD 20 is successful.
2023-06-03T18:49:49+00:00 Alexs-MBP.fios-router.home#01 I: End test suite:123:(lam a -> lam b -> a + b) (1 + 2 + 3 + 4 ) ( 1 + 2 + 3 + 4 ) SHOULD YIELD 20.
2023-06-03T18:49:49+00:00 Alexs-MBP.fios-router.home#01 I: Start test suite:126:bind a <- 1 + 2 + 3 + 4 in a SHOULD YIELD 10.
2023-06-03T18:49:49+00:00 Alexs-MBP.fios-router.home#01 I: Test suite:126:bind a <- 1 + 2 + 3 + 4 in a SHOULD YIELD 10 is successful.
2023-06-03T18:49:49+00:00 Alexs-MBP.fios-router.home#01 I: End test suite:126:bind a <- 1 + 2 + 3 + 4 in a SHOULD YIELD 10.
2023-06-03T18:49:49+00:00 Alexs-MBP.fios-router.home#01 I: Start test suite:128:( lam a -> a ) ( bind a <- 1 + 2 + 3 + 4 in a ) SHOULD YIELD 10.
2023-06-03T18:49:49+00:00 Alexs-MBP.fios-router.home#01 I: Test suite:128:( lam a -> a ) ( bind a <- 1 + 2 + 3 + 4 in a ) SHOULD YIELD 10 is successful.
2023-06-03T18:49:49+00:00 Alexs-MBP.fios-router.home#01 I: End test suite:128:( lam a -> a ) ( bind a <- 1 + 2 + 3 + 4 in a ) SHOULD YIELD 10.
2023-06-03T18:49:49+00:00 Alexs-MBP.fios-router.home#01 I: Start test suite:130:bind a <- bind a <- 1 + 2 + 3 + 4 in a + 1 in a SHOULD YIELD 11.
2023-06-03T18:49:49+00:00 Alexs-MBP.fios-router.home#01 I: Test suite:130:bind a <- bind a <- 1 + 2 + 3 + 4 in a + 1 in a SHOULD YIELD 11 is successful.
2023-06-03T18:49:49+00:00 Alexs-MBP.fios-router.home#01 I: End test suite:130:bind a <- bind a <- 1 + 2 + 3 + 4 in a + 1 in a SHOULD YIELD 11.
2023-06-03T18:49:49+00:00 Alexs-MBP.fios-router.home#01 I: Start test suite:132:1 + 2 * 3 + 4 SHOULD YIELD 11.
2023-06-03T18:49:49+00:00 Alexs-MBP.fios-router.home#01 I: Test suite:132:1 + 2 * 3 + 4 SHOULD YIELD 11 is successful.
2023-06-03T18:49:49+00:00 Alexs-MBP.fios-router.home#01 I: End test suite:132:1 + 2 * 3 + 4 SHOULD YIELD 11.
2023-06-03T18:49:49+00:00 Alexs-MBP.fios-router.home#01 I: Start test suite:134:( lam a -> a ) ( 1 + 2 * 3 + 4 ) SHOULD YIELD 11.
2023-06-03T18:49:49+00:00 Alexs-MBP.fios-router.home#01 I: Test suite:134:( lam a -> a ) ( 1 + 2 * 3 + 4 ) SHOULD YIELD 11 is successful.
2023-06-03T18:49:49+00:00 Alexs-MBP.fios-router.home#01 I: End test suite:134:( lam a -> a ) ( 1 + 2 * 3 + 4 ) SHOULD YIELD 11.
2023-06-03T18:49:49+00:00 Alexs-MBP.fios-router.home#01 I: Start test suite:136:bind a <- 1 + 2 * 3 + 4 + 1 in a SHOULD YIELD 12.
