2023-05-30T22:57:14+00:00 Alexs-MacBook-Pro.local#01 I: Start test suite:0:1.
2023-05-30T22:57:14+00:00 Alexs-MacBook-Pro.local#01 I: Test suite:0:1 is successful.
2023-05-30T22:57:14+00:00 Alexs-MacBook-Pro.local#01 I: End test suite:0:1.
2023-05-30T22:57:14+00:00 Alexs-MacBook-Pro.local#01 I: Start test suite:2:1 + 2 + 3 + 4.
2023-05-30T22:57:14+00:00 Alexs-MacBook-Pro.local#01 I: Test suite:2:1 + 2 + 3 + 4 is successful.
2023-05-30T22:57:14+00:00 Alexs-MacBook-Pro.local#01 I: End test suite:2:1 + 2 + 3 + 4.
2023-05-30T22:57:14+00:00 Alexs-MacBook-Pro.local#01 I: Start test suite:4:100 / 30 + 5.
2023-05-30T22:57:14+00:00 Alexs-MacBook-Pro.local#01 I: Test suite:4:100 / 30 + 5 is successful.
2023-05-30T22:57:14+00:00 Alexs-MacBook-Pro.local#01 I: End test suite:4:100 / 30 + 5.
2023-05-30T22:57:14+00:00 Alexs-MacBook-Pro.local#01 I: Start test suite:6:5 + 2 * 3.
2023-05-30T22:57:14+00:00 Alexs-MacBook-Pro.local#01 I: Test suite:6:5 + 2 * 3 is successful.
2023-05-30T22:57:14+00:00 Alexs-MacBook-Pro.local#01 I: End test suite:6:5 + 2 * 3.
2023-05-30T22:57:14+00:00 Alexs-MacBook-Pro.local#01 I: Start test suite:8:1 + 2 + 3 + 4 + 5.
2023-05-30T22:57:14+00:00 Alexs-MacBook-Pro.local#01 I: Test suite:8:1 + 2 + 3 + 4 + 5 is successful.
2023-05-30T22:57:14+00:00 Alexs-MacBook-Pro.local#01 I: End test suite:8:1 + 2 + 3 + 4 + 5.
2023-05-30T22:57:14+00:00 Alexs-MacBook-Pro.local#01 I: Start test suite:10:8 - 2 - 3 - 4 - 5.
2023-05-30T22:57:14+00:00 Alexs-MacBook-Pro.local#01 I: Test suite:10:8 - 2 - 3 - 4 - 5 is successful.
2023-05-30T22:57:14+00:00 Alexs-MacBook-Pro.local#01 I: End test suite:10:8 - 2 - 3 - 4 - 5.
2023-05-30T22:57:14+00:00 Alexs-MacBook-Pro.local#01 I: Start test suite:12:3 * 4 * 5.
2023-05-30T22:57:14+00:00 Alexs-MacBook-Pro.local#01 I: Test suite:12:3 * 4 * 5 is successful.
2023-05-30T22:57:14+00:00 Alexs-MacBook-Pro.local#01 I: End test suite:12:3 * 4 * 5.
2023-05-30T22:57:14+00:00 Alexs-MacBook-Pro.local#01 I: Start test suite:14:20 / 4 / 5.
2023-05-30T22:57:14+00:00 Alexs-MacBook-Pro.local#01 I: Test suite:14:20 / 4 / 5 is successful.
2023-05-30T22:57:14+00:00 Alexs-MacBook-Pro.local#01 I: End test suite:14:20 / 4 / 5.
2023-05-30T22:57:14+00:00 Alexs-MacBook-Pro.local#01 I: Start test suite:16:15 - 3 + 2.
2023-05-30T22:57:14+00:00 Alexs-MacBook-Pro.local#01 I: Test suite:16:15 - 3 + 2 is successful.
2023-05-30T22:57:14+00:00 Alexs-MacBook-Pro.local#01 I: End test suite:16:15 - 3 + 2.
2023-05-30T22:57:14+00:00 Alexs-MacBook-Pro.local#01 I: Start test suite:19:7 - 3 * 2 / 4.
2023-05-30T22:57:14+00:00 Alexs-MacBook-Pro.local#01 I: Test suite:19:7 - 3 * 2 / 4 is successful.
2023-05-30T22:57:14+00:00 Alexs-MacBook-Pro.local#01 I: End test suite:19:7 - 3 * 2 / 4.
2023-05-30T22:57:14+00:00 Alexs-MacBook-Pro.local#01 I: Start test suite:21:5 * (3 + 2).
2023-05-30T22:57:14+00:00 Alexs-MacBook-Pro.local#01 I: Test suite:21:5 * (3 + 2) is successful.
2023-05-30T22:57:14+00:00 Alexs-MacBook-Pro.local#01 I: End test suite:21:5 * (3 + 2).
2023-05-30T22:57:14+00:00 Alexs-MacBook-Pro.local#01 I: Start test suite:24:(5 + 2) * 3 - 4.
2023-05-30T22:57:14+00:00 Alexs-MacBook-Pro.local#01 I: Test suite:24:(5 + 2) * 3 - 4 is successful.
2023-05-30T22:57:14+00:00 Alexs-MacBook-Pro.local#01 I: End test suite:24:(5 + 2) * 3 - 4.
2023-05-30T22:57:14+00:00 Alexs-MacBook-Pro.local#01 I: Start test suite:26:100 / 10 % 3.
2023-05-30T22:57:14+00:00 Alexs-MacBook-Pro.local#01 I: Test suite:26:100 / 10 % 3 is successful.
2023-05-30T22:57:14+00:00 Alexs-MacBook-Pro.local#01 I: End test suite:26:100 / 10 % 3.
2023-05-30T22:57:14+00:00 Alexs-MacBook-Pro.local#01 I: Start test suite:28:100 % 31 / 2.
2023-05-30T22:57:14+00:00 Alexs-MacBook-Pro.local#01 I: Test suite:28:100 % 31 / 2 is successful.
2023-05-30T22:57:14+00:00 Alexs-MacBook-Pro.local#01 I: End test suite:28:100 % 31 / 2.
2023-05-30T22:57:14+00:00 Alexs-MacBook-Pro.local#01 I: Start test suite:30:false.
2023-05-30T22:57:14+00:00 Alexs-MacBook-Pro.local#01 I: Test suite:30:false is successful.
2023-05-30T22:57:14+00:00 Alexs-MacBook-Pro.local#01 I: End test suite:30:false.
2023-05-30T22:57:14+00:00 Alexs-MacBook-Pro.local#01 I: Start test suite:32:true || false.
2023-05-30T22:57:14+00:00 Alexs-MacBook-Pro.local#01 I: Test suite:32:true || false is successful.
2023-05-30T22:57:14+00:00 Alexs-MacBook-Pro.local#01 I: End test suite:32:true || false.
2023-05-30T22:57:14+00:00 Alexs-MacBook-Pro.local#01 I: Start test suite:34:false || false.
2023-05-30T22:57:14+00:00 Alexs-MacBook-Pro.local#01 I: Test suite:34:false || false is successful.
2023-05-30T22:57:14+00:00 Alexs-MacBook-Pro.local#01 I: End test suite:34:false || false.
2023-05-30T22:57:14+00:00 Alexs-MacBook-Pro.local#01 I: Start test suite:36:true && false.
2023-05-30T22:57:14+00:00 Alexs-MacBook-Pro.local#01 I: Test suite:36:true && false is successful.
2023-05-30T22:57:14+00:00 Alexs-MacBook-Pro.local#01 I: End test suite:36:true && false.
2023-05-30T22:57:14+00:00 Alexs-MacBook-Pro.local#01 I: Start test suite:38:false && false.
2023-05-30T22:57:14+00:00 Alexs-MacBook-Pro.local#01 I: Test suite:38:false && false is successful.
2023-05-30T22:57:14+00:00 Alexs-MacBook-Pro.local#01 I: End test suite:38:false && false.
2023-05-30T22:57:14+00:00 Alexs-MacBook-Pro.local#01 I: Start test suite:40:true || false || false || false || (true || false && true).
2023-05-30T22:57:14+00:00 Alexs-MacBook-Pro.local#01 I: Test suite:40:true || false || false || false || (true || false && true) is successful.
2023-05-30T22:57:14+00:00 Alexs-MacBook-Pro.local#01 I: End test suite:40:true || false || false || false || (true || false && true).
2023-05-30T22:57:14+00:00 Alexs-MacBook-Pro.local#01 I: Start test suite:42:true && false || false || false || (false || false && true).
2023-05-30T22:57:14+00:00 Alexs-MacBook-Pro.local#01 I: Test suite:42:true && false || false || false || (false || false && true) is successful.
2023-05-30T22:57:14+00:00 Alexs-MacBook-Pro.local#01 I: End test suite:42:true && false || false || false || (false || false && true).
2023-05-30T22:57:14+00:00 Alexs-MacBook-Pro.local#01 I: Start test suite:44:not true.
2023-05-30T22:57:14+00:00 Alexs-MacBook-Pro.local#01 I: Test suite:44:not true is successful.
2023-05-30T22:57:14+00:00 Alexs-MacBook-Pro.local#01 I: End test suite:44:not true.
2023-05-30T22:57:14+00:00 Alexs-MacBook-Pro.local#01 I: Start test suite:46:not (not true ).
2023-05-30T22:57:14+00:00 Alexs-MacBook-Pro.local#01 I: Test suite:46:not (not true ) is successful.
2023-05-30T22:57:14+00:00 Alexs-MacBook-Pro.local#01 I: End test suite:46:not (not true ).
2023-05-30T22:57:14+00:00 Alexs-MacBook-Pro.local#01 I: Start test suite:48:not true || false.
2023-05-30T22:57:14+00:00 Alexs-MacBook-Pro.local#01 I: Test suite:48:not true || false is successful.
2023-05-30T22:57:14+00:00 Alexs-MacBook-Pro.local#01 I: End test suite:48:not true || false.
2023-05-30T22:57:14+00:00 Alexs-MacBook-Pro.local#01 I: Start test suite:50:true && not true.
2023-05-30T22:57:14+00:00 Alexs-MacBook-Pro.local#01 I: Test suite:50:true && not true is successful.
2023-05-30T22:57:14+00:00 Alexs-MacBook-Pro.local#01 I: End test suite:50:true && not true.
2023-05-30T22:57:14+00:00 Alexs-MacBook-Pro.local#01 I: Start test suite:52:1 < 2.
2023-05-30T22:57:14+00:00 Alexs-MacBook-Pro.local#01 I: Test suite:52:1 < 2 is successful.
2023-05-30T22:57:14+00:00 Alexs-MacBook-Pro.local#01 I: End test suite:52:1 < 2.
2023-05-30T22:57:14+00:00 Alexs-MacBook-Pro.local#01 I: Start test suite:53:1 > 2.
2023-05-30T22:57:14+00:00 Alexs-MacBook-Pro.local#01 I: Test suite:53:1 > 2 is successful.
2023-05-30T22:57:14+00:00 Alexs-MacBook-Pro.local#01 I: End test suite:53:1 > 2.
2023-05-30T22:57:14+00:00 Alexs-MacBook-Pro.local#01 I: Start test suite:55:1 <= 1.
2023-05-30T22:57:14+00:00 Alexs-MacBook-Pro.local#01 I: Test suite:55:1 <= 1 is successful.
2023-05-30T22:57:14+00:00 Alexs-MacBook-Pro.local#01 I: End test suite:55:1 <= 1.
2023-05-30T22:57:14+00:00 Alexs-MacBook-Pro.local#01 I: Start test suite:57:2 >= 1.
2023-05-30T22:57:14+00:00 Alexs-MacBook-Pro.local#01 I: Test suite:57:2 >= 1 is successful.
2023-05-30T22:57:14+00:00 Alexs-MacBook-Pro.local#01 I: End test suite:57:2 >= 1.
2023-05-30T22:57:14+00:00 Alexs-MacBook-Pro.local#01 I: Start test suite:59:1 < 2 && 13414 < 11413413.
2023-05-30T22:57:14+00:00 Alexs-MacBook-Pro.local#01 I: Test suite:59:1 < 2 && 13414 < 11413413 is successful.
2023-05-30T22:57:14+00:00 Alexs-MacBook-Pro.local#01 I: End test suite:59:1 < 2 && 13414 < 11413413.
2023-05-30T22:57:14+00:00 Alexs-MacBook-Pro.local#01 I: Start test suite:62:1 < 2 && false.
2023-05-30T22:57:14+00:00 Alexs-MacBook-Pro.local#01 I: Test suite:62:1 < 2 && false is successful.
2023-05-30T22:57:14+00:00 Alexs-MacBook-Pro.local#01 I: End test suite:62:1 < 2 && false.
2023-05-30T22:57:14+00:00 Alexs-MacBook-Pro.local#01 I: Start test suite:64:1 != 1.
2023-05-30T22:57:14+00:00 Alexs-MacBook-Pro.local#01 I: Test suite:64:1 != 1 is successful.
2023-05-30T22:57:14+00:00 Alexs-MacBook-Pro.local#01 I: End test suite:64:1 != 1.
2023-05-30T22:57:14+00:00 Alexs-MacBook-Pro.local#01 I: Start test suite:65:
2023-05-30T22:57:14+00:00 Alexs-MacBook-Pro.local#01 I:     bind succ [int -> int] <-
2023-05-30T22:57:14+00:00 Alexs-MacBook-Pro.local#01 I:       lam n [int] -> n + 1
2023-05-30T22:57:14+00:00 Alexs-MacBook-Pro.local#01 I:     in
2023-05-30T22:57:14+00:00 Alexs-MacBook-Pro.local#01 I:     
2023-05-30T22:57:14+00:00 Alexs-MacBook-Pro.local#01 I:     bind sum [int -> int -> int] <-
2023-05-30T22:57:14+00:00 Alexs-MacBook-Pro.local#01 I:       lam a [int] ->
2023-05-30T22:57:14+00:00 Alexs-MacBook-Pro.local#01 I:       lam b [int] ->
2023-05-30T22:57:14+00:00 Alexs-MacBook-Pro.local#01 I:       a + b
2023-05-30T22:57:14+00:00 Alexs-MacBook-Pro.local#01 I:     in
2023-05-30T22:57:14+00:00 Alexs-MacBook-Pro.local#01 I:     
2023-05-30T22:57:14+00:00 Alexs-MacBook-Pro.local#01 I:     sum (succ 4) (sum 1 2)
2023-05-30T22:57:14+00:00 Alexs-MacBook-Pro.local#01 I:     .
2023-05-30T22:57:14+00:00 Alexs-MacBook-Pro.local#01 I: Test suite:65:
2023-05-30T22:57:14+00:00 Alexs-MacBook-Pro.local#01 I:     bind succ [int -> int] <-
2023-05-30T22:57:14+00:00 Alexs-MacBook-Pro.local#01 I:       lam n [int] -> n + 1
2023-05-30T22:57:14+00:00 Alexs-MacBook-Pro.local#01 I:     in
2023-05-30T22:57:14+00:00 Alexs-MacBook-Pro.local#01 I:     
2023-05-30T22:57:14+00:00 Alexs-MacBook-Pro.local#01 I:     bind sum [int -> int -> int] <-
2023-05-30T22:57:14+00:00 Alexs-MacBook-Pro.local#01 I:       lam a [int] ->
2023-05-30T22:57:14+00:00 Alexs-MacBook-Pro.local#01 I:       lam b [int] ->
2023-05-30T22:57:14+00:00 Alexs-MacBook-Pro.local#01 I:       a + b
2023-05-30T22:57:14+00:00 Alexs-MacBook-Pro.local#01 I:     in
2023-05-30T22:57:14+00:00 Alexs-MacBook-Pro.local#01 I:     
2023-05-30T22:57:14+00:00 Alexs-MacBook-Pro.local#01 I:     sum (succ 4) (sum 1 2)
2023-05-30T22:57:14+00:00 Alexs-MacBook-Pro.local#01 I:      is successful.
2023-05-30T22:57:14+00:00 Alexs-MacBook-Pro.local#01 I: End test suite:65:
2023-05-30T22:57:14+00:00 Alexs-MacBook-Pro.local#01 I:     bind succ [int -> int] <-
2023-05-30T22:57:14+00:00 Alexs-MacBook-Pro.local#01 I:       lam n [int] -> n + 1
2023-05-30T22:57:14+00:00 Alexs-MacBook-Pro.local#01 I:     in
2023-05-30T22:57:14+00:00 Alexs-MacBook-Pro.local#01 I:     
2023-05-30T22:57:14+00:00 Alexs-MacBook-Pro.local#01 I:     bind sum [int -> int -> int] <-
2023-05-30T22:57:14+00:00 Alexs-MacBook-Pro.local#01 I:       lam a [int] ->
2023-05-30T22:57:14+00:00 Alexs-MacBook-Pro.local#01 I:       lam b [int] ->
2023-05-30T22:57:14+00:00 Alexs-MacBook-Pro.local#01 I:       a + b
2023-05-30T22:57:14+00:00 Alexs-MacBook-Pro.local#01 I:     in
2023-05-30T22:57:14+00:00 Alexs-MacBook-Pro.local#01 I:     
2023-05-30T22:57:14+00:00 Alexs-MacBook-Pro.local#01 I:     sum (succ 4) (sum 1 2)
2023-05-30T22:57:14+00:00 Alexs-MacBook-Pro.local#01 I:     .
2023-05-30T22:57:14+00:00 Alexs-MacBook-Pro.local#01 I: Start test suite:68:
2023-05-30T22:57:14+00:00 Alexs-MacBook-Pro.local#01 I:     bind f <-
2023-05-30T22:57:14+00:00 Alexs-MacBook-Pro.local#01 I:       lam a [str] -> a
2023-05-30T22:57:14+00:00 Alexs-MacBook-Pro.local#01 I:     in
2023-05-30T22:57:14+00:00 Alexs-MacBook-Pro.local#01 I:     f ""
2023-05-30T22:57:14+00:00 Alexs-MacBook-Pro.local#01 I:     .
2023-05-30T22:57:14+00:00 Alexs-MacBook-Pro.local#01 I: Test suite:68:
2023-05-30T22:57:14+00:00 Alexs-MacBook-Pro.local#01 I:     bind f <-
2023-05-30T22:57:14+00:00 Alexs-MacBook-Pro.local#01 I:       lam a [str] -> a
2023-05-30T22:57:14+00:00 Alexs-MacBook-Pro.local#01 I:     in
2023-05-30T22:57:14+00:00 Alexs-MacBook-Pro.local#01 I:     f ""
2023-05-30T22:57:14+00:00 Alexs-MacBook-Pro.local#01 I:      is successful.
2023-05-30T22:57:14+00:00 Alexs-MacBook-Pro.local#01 I: End test suite:68:
2023-05-30T22:57:14+00:00 Alexs-MacBook-Pro.local#01 I:     bind f <-
2023-05-30T22:57:14+00:00 Alexs-MacBook-Pro.local#01 I:       lam a [str] -> a
2023-05-30T22:57:14+00:00 Alexs-MacBook-Pro.local#01 I:     in
2023-05-30T22:57:14+00:00 Alexs-MacBook-Pro.local#01 I:     f ""
2023-05-30T22:57:14+00:00 Alexs-MacBook-Pro.local#01 I:     .
2023-05-30T22:57:14+00:00 Alexs-MacBook-Pro.local#01 I: Start test suite:69:
2023-05-30T22:57:14+00:00 Alexs-MacBook-Pro.local#01 I:     bind f <-
2023-05-30T22:57:14+00:00 Alexs-MacBook-Pro.local#01 I:       lam () -> ()
2023-05-30T22:57:14+00:00 Alexs-MacBook-Pro.local#01 I:     in
2023-05-30T22:57:14+00:00 Alexs-MacBook-Pro.local#01 I:     f ()
2023-05-30T22:57:14+00:00 Alexs-MacBook-Pro.local#01 I:     .
2023-05-30T22:57:14+00:00 Alexs-MacBook-Pro.local#01 I: Test suite:69:
2023-05-30T22:57:14+00:00 Alexs-MacBook-Pro.local#01 I:     bind f <-
2023-05-30T22:57:14+00:00 Alexs-MacBook-Pro.local#01 I:       lam () -> ()
2023-05-30T22:57:14+00:00 Alexs-MacBook-Pro.local#01 I:     in
2023-05-30T22:57:14+00:00 Alexs-MacBook-Pro.local#01 I:     f ()
2023-05-30T22:57:14+00:00 Alexs-MacBook-Pro.local#01 I:      is successful.
2023-05-30T22:57:14+00:00 Alexs-MacBook-Pro.local#01 I: End test suite:69:
2023-05-30T22:57:14+00:00 Alexs-MacBook-Pro.local#01 I:     bind f <-
2023-05-30T22:57:14+00:00 Alexs-MacBook-Pro.local#01 I:       lam () -> ()
2023-05-30T22:57:14+00:00 Alexs-MacBook-Pro.local#01 I:     in
2023-05-30T22:57:14+00:00 Alexs-MacBook-Pro.local#01 I:     f ()
2023-05-30T22:57:14+00:00 Alexs-MacBook-Pro.local#01 I:     .
2023-05-30T22:57:14+00:00 Alexs-MacBook-Pro.local#01 I: Start test suite:72:10 - 20 - 30 - 40.
2023-05-30T22:57:14+00:00 Alexs-MacBook-Pro.local#01 I: Test suite:72:10 - 20 - 30 - 40 is successful.
2023-05-30T22:57:14+00:00 Alexs-MacBook-Pro.local#01 I: End test suite:72:10 - 20 - 30 - 40.
2023-05-30T22:57:14+00:00 Alexs-MacBook-Pro.local#01 I: Start test suite:73:1 + 5 - 4 - 3.
2023-05-30T22:57:14+00:00 Alexs-MacBook-Pro.local#01 I: Test suite:73:1 + 5 - 4 - 3 is successful.
2023-05-30T22:57:14+00:00 Alexs-MacBook-Pro.local#01 I: End test suite:73:1 + 5 - 4 - 3.
2023-05-30T22:57:14+00:00 Alexs-MacBook-Pro.local#01 I: Start test suite:76:1 - 2 - 3 - 4 - 5.
2023-05-30T22:57:14+00:00 Alexs-MacBook-Pro.local#01 I: Test suite:76:1 - 2 - 3 - 4 - 5 is successful.
2023-05-30T22:57:14+00:00 Alexs-MacBook-Pro.local#01 I: End test suite:76:1 - 2 - 3 - 4 - 5.
2023-05-30T22:57:14+00:00 Alexs-MacBook-Pro.local#01 I: Start test suite:77:1 - 2 - 3 - 4 - 5 - 6.
2023-05-30T22:57:14+00:00 Alexs-MacBook-Pro.local#01 I: Test suite:77:1 - 2 - 3 - 4 - 5 - 6 is successful.
2023-05-30T22:57:14+00:00 Alexs-MacBook-Pro.local#01 I: End test suite:77:1 - 2 - 3 - 4 - 5 - 6.
2023-05-30T22:57:14+00:00 Alexs-MacBook-Pro.local#01 I: Start test suite:80:1 * 2 * 3 * 4.
2023-05-30T22:57:14+00:00 Alexs-MacBook-Pro.local#01 I: Test suite:80:1 * 2 * 3 * 4 is successful.
2023-05-30T22:57:14+00:00 Alexs-MacBook-Pro.local#01 I: End test suite:80:1 * 2 * 3 * 4.
2023-05-30T22:57:14+00:00 Alexs-MacBook-Pro.local#01 I: Start test suite:81:10 / 2 * 3.
2023-05-30T22:57:14+00:00 Alexs-MacBook-Pro.local#01 I: Test suite:81:10 / 2 * 3 is successful.
2023-05-30T22:57:14+00:00 Alexs-MacBook-Pro.local#01 I: End test suite:81:10 / 2 * 3.
2023-05-30T22:57:14+00:00 Alexs-MacBook-Pro.local#01 I: Start test suite:84:500 / 100 / 2.
2023-05-30T22:57:14+00:00 Alexs-MacBook-Pro.local#01 I: Test suite:84:500 / 100 / 2 is successful.
2023-05-30T22:57:14+00:00 Alexs-MacBook-Pro.local#01 I: End test suite:84:500 / 100 / 2.
2023-05-30T22:57:14+00:00 Alexs-MacBook-Pro.local#01 I: Start test suite:86:2 * 5 % 4.
2023-05-30T22:57:14+00:00 Alexs-MacBook-Pro.local#01 I: Test suite:86:2 * 5 % 4 is successful.
2023-05-30T22:57:14+00:00 Alexs-MacBook-Pro.local#01 I: End test suite:86:2 * 5 % 4.
2023-05-30T22:57:14+00:00 Alexs-MacBook-Pro.local#01 I: Start test suite:87:11 % 3 % 1.
2023-05-30T22:57:14+00:00 Alexs-MacBook-Pro.local#01 I: Test suite:87:11 % 3 % 1 is successful.
2023-05-30T22:57:14+00:00 Alexs-MacBook-Pro.local#01 I: End test suite:87:11 % 3 % 1.
2023-05-30T22:57:14+00:00 Alexs-MacBook-Pro.local#01 I: Start test suite:89:if false then 0 else 1.
2023-05-30T22:57:14+00:00 Alexs-MacBook-Pro.local#01 I: Test suite:89:if false then 0 else 1 is successful.
2023-05-30T22:57:14+00:00 Alexs-MacBook-Pro.local#01 I: End test suite:89:if false then 0 else 1.
2023-05-30T22:57:14+00:00 Alexs-MacBook-Pro.local#01 I: Start test suite:91:if 1 > 2 then 0 else 1.
2023-05-30T22:57:14+00:00 Alexs-MacBook-Pro.local#01 I: Test suite:91:if 1 > 2 then 0 else 1 is successful.
2023-05-30T22:57:14+00:00 Alexs-MacBook-Pro.local#01 I: End test suite:91:if 1 > 2 then 0 else 1.
2023-05-30T22:57:14+00:00 Alexs-MacBook-Pro.local#01 I: Start test suite:93:if not false then 0 else 1.
2023-05-30T22:57:14+00:00 Alexs-MacBook-Pro.local#01 I: Test suite:93:if not false then 0 else 1 is successful.
2023-05-30T22:57:14+00:00 Alexs-MacBook-Pro.local#01 I: End test suite:93:if not false then 0 else 1.
