2023-05-29T23:05:04+00:00 Alexs-MBP.fios-router.home#04 I: Start test suite:47:1 <= 2.
2023-05-29T23:05:04+00:00 Alexs-MBP.fios-router.home#04 I: Test suite:47:1 <= 2 is successful.
2023-05-29T23:05:04+00:00 Alexs-MBP.fios-router.home#04 I: End test suite:47:1 <= 2.
2023-05-29T23:05:04+00:00 Alexs-MBP.fios-router.home#04 I: Start test suite:49:1 < 1.
2023-05-29T23:05:04+00:00 Alexs-MBP.fios-router.home#04 I: Test suite:49:1 < 1 is successful.
2023-05-29T23:05:04+00:00 Alexs-MBP.fios-router.home#04 I: End test suite:49:1 < 1.
2023-05-29T23:05:04+00:00 Alexs-MBP.fios-router.home#04 I: Start test suite:51:1 < 2 && 13414 > 11413413.
2023-05-29T23:05:04+00:00 Alexs-MBP.fios-router.home#04 I: Test suite:51:1 < 2 && 13414 > 11413413 is successful.
2023-05-29T23:05:04+00:00 Alexs-MBP.fios-router.home#04 I: End test suite:51:1 < 2 && 13414 > 11413413.
2023-05-29T23:05:04+00:00 Alexs-MBP.fios-router.home#04 I: Start test suite:53:1 < 2 && false.
2023-05-29T23:05:04+00:00 Alexs-MBP.fios-router.home#04 I: Test suite:53:1 < 2 && false is successful.
2023-05-29T23:05:04+00:00 Alexs-MBP.fios-router.home#04 I: End test suite:53:1 < 2 && false.
2023-05-29T23:05:04+00:00 Alexs-MBP.fios-router.home#04 I: Start test suite:55:
2023-05-29T23:05:04+00:00 Alexs-MBP.fios-router.home#04 I:     bind succ [integer -> integer] <-
2023-05-29T23:05:04+00:00 Alexs-MBP.fios-router.home#04 I:       lam n [integer] -> n + 1
2023-05-29T23:05:04+00:00 Alexs-MBP.fios-router.home#04 I:     in
2023-05-29T23:05:04+00:00 Alexs-MBP.fios-router.home#04 I: 
2023-05-29T23:05:04+00:00 Alexs-MBP.fios-router.home#04 I:     succ(succ (succ (succ (succ (succ (succ (succ (succ (0)))))))))
2023-05-29T23:05:04+00:00 Alexs-MBP.fios-router.home#04 I:     .
2023-05-29T23:05:04+00:00 Alexs-MBP.fios-router.home#04 I: Test suite:55:
2023-05-29T23:05:04+00:00 Alexs-MBP.fios-router.home#04 I:     bind succ [integer -> integer] <-
2023-05-29T23:05:04+00:00 Alexs-MBP.fios-router.home#04 I:       lam n [integer] -> n + 1
2023-05-29T23:05:04+00:00 Alexs-MBP.fios-router.home#04 I:     in
2023-05-29T23:05:04+00:00 Alexs-MBP.fios-router.home#04 I: 
2023-05-29T23:05:04+00:00 Alexs-MBP.fios-router.home#04 I:     succ(succ (succ (succ (succ (succ (succ (succ (succ (0)))))))))
2023-05-29T23:05:04+00:00 Alexs-MBP.fios-router.home#04 I:      is successful.
2023-05-29T23:05:04+00:00 Alexs-MBP.fios-router.home#04 I: End test suite:55:
2023-05-29T23:05:04+00:00 Alexs-MBP.fios-router.home#04 I:     bind succ [integer -> integer] <-
2023-05-29T23:05:04+00:00 Alexs-MBP.fios-router.home#04 I:       lam n [integer] -> n + 1
2023-05-29T23:05:04+00:00 Alexs-MBP.fios-router.home#04 I:     in
2023-05-29T23:05:04+00:00 Alexs-MBP.fios-router.home#04 I: 
2023-05-29T23:05:04+00:00 Alexs-MBP.fios-router.home#04 I:     succ(succ (succ (succ (succ (succ (succ (succ (succ (0)))))))))
2023-05-29T23:05:04+00:00 Alexs-MBP.fios-router.home#04 I:     .
2023-05-29T23:05:04+00:00 Alexs-MBP.fios-router.home#04 I: Start test suite:57:1 - 1 - 2.
2023-05-29T23:05:04+00:00 Alexs-MBP.fios-router.home#04 I: Test suite:57:1 - 1 - 2 is successful.
2023-05-29T23:05:04+00:00 Alexs-MBP.fios-router.home#04 I: End test suite:57:1 - 1 - 2.
2023-05-29T23:05:04+00:00 Alexs-MBP.fios-router.home#04 I: Start test suite:59:1 + 5 - 4 - 3.
2023-05-29T23:05:04+00:00 Alexs-MBP.fios-router.home#04 I: Test suite:59:1 + 5 - 4 - 3 is successful.
2023-05-29T23:05:04+00:00 Alexs-MBP.fios-router.home#04 I: End test suite:59:1 + 5 - 4 - 3.
2023-05-29T23:05:04+00:00 Alexs-MBP.fios-router.home#04 I: Start test suite:61:~-10 - 5 + 5 - 5 - 5.
2023-05-29T23:05:04+00:00 Alexs-MBP.fios-router.home#04 I: Test suite:61:~-10 - 5 + 5 - 5 - 5 is successful.
2023-05-29T23:05:04+00:00 Alexs-MBP.fios-router.home#04 I: End test suite:61:~-10 - 5 + 5 - 5 - 5.
2023-05-29T23:05:04+00:00 Alexs-MBP.fios-router.home#04 I: Start test suite:62:1 - 2 - 3 - 4 - 5.
2023-05-29T23:05:04+00:00 Alexs-MBP.fios-router.home#04 I: Test suite:62:1 - 2 - 3 - 4 - 5 is successful.
2023-05-29T23:05:04+00:00 Alexs-MBP.fios-router.home#04 I: End test suite:62:1 - 2 - 3 - 4 - 5.
2023-05-29T23:05:04+00:00 Alexs-MBP.fios-router.home#04 I: Start test suite:64:1 + 2 - 3 + 4 - 5 + 6.
2023-05-29T23:05:04+00:00 Alexs-MBP.fios-router.home#04 I: Test suite:64:1 + 2 - 3 + 4 - 5 + 6 is successful.
2023-05-29T23:05:04+00:00 Alexs-MBP.fios-router.home#04 I: End test suite:64:1 + 2 - 3 + 4 - 5 + 6.
2023-05-29T23:05:04+00:00 Alexs-MBP.fios-router.home#04 I: Start test suite:67:10 / 2 * 3.
2023-05-29T23:05:04+00:00 Alexs-MBP.fios-router.home#04 I: Test suite:67:10 / 2 * 3 is successful.
2023-05-29T23:05:04+00:00 Alexs-MBP.fios-router.home#04 I: End test suite:67:10 / 2 * 3.
2023-05-29T23:05:04+00:00 Alexs-MBP.fios-router.home#04 I: Start test suite:69:100 / 2 / 5.
2023-05-29T23:05:04+00:00 Alexs-MBP.fios-router.home#04 I: Test suite:69:100 / 2 / 5 is successful.
2023-05-29T23:05:04+00:00 Alexs-MBP.fios-router.home#04 I: End test suite:69:100 / 2 / 5.
2023-05-29T23:05:04+00:00 Alexs-MBP.fios-router.home#04 I: Start test suite:71:100 / 2 % 49.
2023-05-29T23:05:04+00:00 Alexs-MBP.fios-router.home#04 I: Test suite:71:100 / 2 % 49 is successful.
2023-05-29T23:05:04+00:00 Alexs-MBP.fios-router.home#04 I: End test suite:71:100 / 2 % 49.
2023-05-29T23:05:04+00:00 Alexs-MBP.fios-router.home#04 I: Start test suite:73:if false then 0 else 1.
2023-05-29T23:05:04+00:00 Alexs-MBP.fios-router.home#04 I: Test suite:73:if false then 0 else 1 is successful.
2023-05-29T23:05:04+00:00 Alexs-MBP.fios-router.home#04 I: End test suite:73:if false then 0 else 1.
2023-05-29T23:05:04+00:00 Alexs-MBP.fios-router.home#04 I: Start test suite:74:if 1 < 2 then 0 else 1.
2023-05-29T23:05:04+00:00 Alexs-MBP.fios-router.home#04 I: Test suite:74:if 1 < 2 then 0 else 1 is successful.
2023-05-29T23:05:04+00:00 Alexs-MBP.fios-router.home#04 I: End test suite:74:if 1 < 2 then 0 else 1.
