2023-05-30T22:57:14+00:00 Alexs-MacBook-Pro.local#02 I: Start test suite:1:1 + 2.
2023-05-30T22:57:14+00:00 Alexs-MacBook-Pro.local#02 I: Test suite:1:1 + 2 is successful.
2023-05-30T22:57:14+00:00 Alexs-MacBook-Pro.local#02 I: End test suite:1:1 + 2.
2023-05-30T22:57:14+00:00 Alexs-MacBook-Pro.local#02 I: Start test suite:3:1 + 2 * 3 + 4.
2023-05-30T22:57:14+00:00 Alexs-MacBook-Pro.local#02 I: Test suite:3:1 + 2 * 3 + 4 is successful.
2023-05-30T22:57:14+00:00 Alexs-MacBook-Pro.local#02 I: End test suite:3:1 + 2 * 3 + 4.
2023-05-30T22:57:14+00:00 Alexs-MacBook-Pro.local#02 I: Start test suite:5:10 % 4.
2023-05-30T22:57:14+00:00 Alexs-MacBook-Pro.local#02 I: Test suite:5:10 % 4 is successful.
2023-05-30T22:57:14+00:00 Alexs-MacBook-Pro.local#02 I: End test suite:5:10 % 4.
2023-05-30T22:57:14+00:00 Alexs-MacBook-Pro.local#02 I: Start test suite:7:2 + 3 * 4.
2023-05-30T22:57:14+00:00 Alexs-MacBook-Pro.local#02 I: Test suite:7:2 + 3 * 4 is successful.
2023-05-30T22:57:14+00:00 Alexs-MacBook-Pro.local#02 I: End test suite:7:2 + 3 * 4.
2023-05-30T22:57:14+00:00 Alexs-MacBook-Pro.local#02 I: Start test suite:9:10 - 2 * 3.
2023-05-30T22:57:14+00:00 Alexs-MacBook-Pro.local#02 I: Test suite:9:10 - 2 * 3 is successful.
2023-05-30T22:57:14+00:00 Alexs-MacBook-Pro.local#02 I: End test suite:9:10 - 2 * 3.
2023-05-30T22:57:14+00:00 Alexs-MacBook-Pro.local#02 I: Start test suite:11:6 * 2 + 3.
2023-05-30T22:57:14+00:00 Alexs-MacBook-Pro.local#02 I: Test suite:11:6 * 2 + 3 is successful.
2023-05-30T22:57:14+00:00 Alexs-MacBook-Pro.local#02 I: End test suite:11:6 * 2 + 3.
2023-05-30T22:57:14+00:00 Alexs-MacBook-Pro.local#02 I: Start test suite:13:15 / 3 - 2.
2023-05-30T22:57:14+00:00 Alexs-MacBook-Pro.local#02 I: Test suite:13:15 / 3 - 2 is successful.
2023-05-30T22:57:14+00:00 Alexs-MacBook-Pro.local#02 I: End test suite:13:15 / 3 - 2.
2023-05-30T22:57:14+00:00 Alexs-MacBook-Pro.local#02 I: Start test suite:15:10 * 2 / 4.
2023-05-30T22:57:14+00:00 Alexs-MacBook-Pro.local#02 I: Test suite:15:10 * 2 / 4 is successful.
2023-05-30T22:57:14+00:00 Alexs-MacBook-Pro.local#02 I: End test suite:15:10 * 2 / 4.
2023-05-30T22:57:14+00:00 Alexs-MacBook-Pro.local#02 I: Start test suite:17:2 + 4 * 6 - 8.
2023-05-30T22:57:14+00:00 Alexs-MacBook-Pro.local#02 I: Test suite:17:2 + 4 * 6 - 8 is successful.
2023-05-30T22:57:14+00:00 Alexs-MacBook-Pro.local#02 I: End test suite:17:2 + 4 * 6 - 8.
2023-05-30T22:57:14+00:00 Alexs-MacBook-Pro.local#02 I: Start test suite:18:20 / 5 * 2 + 3.
2023-05-30T22:57:14+00:00 Alexs-MacBook-Pro.local#02 I: Test suite:18:20 / 5 * 2 + 3 is successful.
2023-05-30T22:57:14+00:00 Alexs-MacBook-Pro.local#02 I: End test suite:18:20 / 5 * 2 + 3.
2023-05-30T22:57:14+00:00 Alexs-MacBook-Pro.local#02 I: Start test suite:20:9 + 3 * 2 - 4 / 2.
2023-05-30T22:57:14+00:00 Alexs-MacBook-Pro.local#02 I: Test suite:20:9 + 3 * 2 - 4 / 2 is successful.
2023-05-30T22:57:14+00:00 Alexs-MacBook-Pro.local#02 I: End test suite:20:9 + 3 * 2 - 4 / 2.
2023-05-30T22:57:14+00:00 Alexs-MacBook-Pro.local#02 I: Start test suite:22:12 / (4 - 2).
2023-05-30T22:57:14+00:00 Alexs-MacBook-Pro.local#02 I: Test suite:22:12 / (4 - 2) is successful.
2023-05-30T22:57:14+00:00 Alexs-MacBook-Pro.local#02 I: End test suite:22:12 / (4 - 2).
2023-05-30T22:57:14+00:00 Alexs-MacBook-Pro.local#02 I: Start test suite:23:3 + 4 * 2 / (1 - 5).
2023-05-30T22:57:14+00:00 Alexs-MacBook-Pro.local#02 I: Test suite:23:3 + 4 * 2 / (1 - 5) is successful.
2023-05-30T22:57:14+00:00 Alexs-MacBook-Pro.local#02 I: End test suite:23:3 + 4 * 2 / (1 - 5).
2023-05-30T22:57:14+00:00 Alexs-MacBook-Pro.local#02 I: Start test suite:25:2 * (10 - 8) + 1.
2023-05-30T22:57:14+00:00 Alexs-MacBook-Pro.local#02 I: Test suite:25:2 * (10 - 8) + 1 is successful.
2023-05-30T22:57:14+00:00 Alexs-MacBook-Pro.local#02 I: End test suite:25:2 * (10 - 8) + 1.
2023-05-30T22:57:14+00:00 Alexs-MacBook-Pro.local#02 I: Start test suite:27:100 % 30 / 2 * 3.
2023-05-30T22:57:14+00:00 Alexs-MacBook-Pro.local#02 I: Test suite:27:100 % 30 / 2 * 3 is successful.
2023-05-30T22:57:14+00:00 Alexs-MacBook-Pro.local#02 I: End test suite:27:100 % 30 / 2 * 3.
2023-05-30T22:57:14+00:00 Alexs-MacBook-Pro.local#02 I: Start test suite:29:true.
2023-05-30T22:57:14+00:00 Alexs-MacBook-Pro.local#02 I: Test suite:29:true is successful.
2023-05-30T22:57:14+00:00 Alexs-MacBook-Pro.local#02 I: End test suite:29:true.
2023-05-30T22:57:14+00:00 Alexs-MacBook-Pro.local#02 I: Start test suite:31:true || true.
2023-05-30T22:57:14+00:00 Alexs-MacBook-Pro.local#02 I: Test suite:31:true || true is successful.
2023-05-30T22:57:14+00:00 Alexs-MacBook-Pro.local#02 I: End test suite:31:true || true.
2023-05-30T22:57:14+00:00 Alexs-MacBook-Pro.local#02 I: Start test suite:33:false || true.
2023-05-30T22:57:14+00:00 Alexs-MacBook-Pro.local#02 I: Test suite:33:false || true is successful.
2023-05-30T22:57:14+00:00 Alexs-MacBook-Pro.local#02 I: End test suite:33:false || true.
2023-05-30T22:57:14+00:00 Alexs-MacBook-Pro.local#02 I: Start test suite:35:true && true.
2023-05-30T22:57:14+00:00 Alexs-MacBook-Pro.local#02 I: Test suite:35:true && true is successful.
2023-05-30T22:57:14+00:00 Alexs-MacBook-Pro.local#02 I: End test suite:35:true && true.
2023-05-30T22:57:14+00:00 Alexs-MacBook-Pro.local#02 I: Start test suite:37:false && true.
2023-05-30T22:57:14+00:00 Alexs-MacBook-Pro.local#02 I: Test suite:37:false && true is successful.
2023-05-30T22:57:14+00:00 Alexs-MacBook-Pro.local#02 I: End test suite:37:false && true.
2023-05-30T22:57:14+00:00 Alexs-MacBook-Pro.local#02 I: Start test suite:39:true && true || false.
2023-05-30T22:57:14+00:00 Alexs-MacBook-Pro.local#02 I: Test suite:39:true && true || false is successful.
2023-05-30T22:57:14+00:00 Alexs-MacBook-Pro.local#02 I: End test suite:39:true && true || false.
2023-05-30T22:57:14+00:00 Alexs-MacBook-Pro.local#02 I: Start test suite:41:true && false || false || false || (true || false && true).
2023-05-30T22:57:14+00:00 Alexs-MacBook-Pro.local#02 I: Test suite:41:true && false || false || false || (true || false && true) is successful.
2023-05-30T22:57:14+00:00 Alexs-MacBook-Pro.local#02 I: End test suite:41:true && false || false || false || (true || false && true).
2023-05-30T22:57:14+00:00 Alexs-MacBook-Pro.local#02 I: Start test suite:43:true && false || false || false || (false || false && true).
2023-05-30T22:57:14+00:00 Alexs-MacBook-Pro.local#02 I: Test suite:43:true && false || false || false || (false || false && true) is successful.
2023-05-30T22:57:14+00:00 Alexs-MacBook-Pro.local#02 I: End test suite:43:true && false || false || false || (false || false && true).
2023-05-30T22:57:14+00:00 Alexs-MacBook-Pro.local#02 I: Start test suite:45:not false.
2023-05-30T22:57:14+00:00 Alexs-MacBook-Pro.local#02 I: Test suite:45:not false is successful.
2023-05-30T22:57:14+00:00 Alexs-MacBook-Pro.local#02 I: End test suite:45:not false.
2023-05-30T22:57:14+00:00 Alexs-MacBook-Pro.local#02 I: Start test suite:47:not (not false).
2023-05-30T22:57:14+00:00 Alexs-MacBook-Pro.local#02 I: Test suite:47:not (not false) is successful.
2023-05-30T22:57:14+00:00 Alexs-MacBook-Pro.local#02 I: End test suite:47:not (not false).
2023-05-30T22:57:14+00:00 Alexs-MacBook-Pro.local#02 I: Start test suite:49:not true || true.
2023-05-30T22:57:14+00:00 Alexs-MacBook-Pro.local#02 I: Test suite:49:not true || true is successful.
2023-05-30T22:57:14+00:00 Alexs-MacBook-Pro.local#02 I: End test suite:49:not true || true.
2023-05-30T22:57:14+00:00 Alexs-MacBook-Pro.local#02 I: Start test suite:51:true && not false.
2023-05-30T22:57:14+00:00 Alexs-MacBook-Pro.local#02 I: Test suite:51:true && not false is successful.
2023-05-30T22:57:14+00:00 Alexs-MacBook-Pro.local#02 I: End test suite:51:true && not false.
2023-05-30T22:57:14+00:00 Alexs-MacBook-Pro.local#02 I: Start test suite:54:1 <= 2.
2023-05-30T22:57:14+00:00 Alexs-MacBook-Pro.local#02 I: Test suite:54:1 <= 2 is successful.
2023-05-30T22:57:14+00:00 Alexs-MacBook-Pro.local#02 I: End test suite:54:1 <= 2.
2023-05-30T22:57:14+00:00 Alexs-MacBook-Pro.local#02 I: Start test suite:56:1 >= 1.
2023-05-30T22:57:14+00:00 Alexs-MacBook-Pro.local#02 I: Test suite:56:1 >= 1 is successful.
2023-05-30T22:57:14+00:00 Alexs-MacBook-Pro.local#02 I: End test suite:56:1 >= 1.
2023-05-30T22:57:14+00:00 Alexs-MacBook-Pro.local#02 I: Start test suite:58:1 < 1.
2023-05-30T22:57:14+00:00 Alexs-MacBook-Pro.local#02 I: Test suite:58:1 < 1 is successful.
2023-05-30T22:57:14+00:00 Alexs-MacBook-Pro.local#02 I: End test suite:58:1 < 1.
2023-05-30T22:57:14+00:00 Alexs-MacBook-Pro.local#02 I: Start test suite:60:1 < 2 && 13414 > 11413413.
2023-05-30T22:57:14+00:00 Alexs-MacBook-Pro.local#02 I: Test suite:60:1 < 2 && 13414 > 11413413 is successful.
2023-05-30T22:57:14+00:00 Alexs-MacBook-Pro.local#02 I: End test suite:60:1 < 2 && 13414 > 11413413.
2023-05-30T22:57:14+00:00 Alexs-MacBook-Pro.local#02 I: Start test suite:61:1 < 2 || false.
2023-05-30T22:57:14+00:00 Alexs-MacBook-Pro.local#02 I: Test suite:61:1 < 2 || false is successful.
2023-05-30T22:57:14+00:00 Alexs-MacBook-Pro.local#02 I: End test suite:61:1 < 2 || false.
2023-05-30T22:57:14+00:00 Alexs-MacBook-Pro.local#02 I: Start test suite:63:1 == 1.
2023-05-30T22:57:14+00:00 Alexs-MacBook-Pro.local#02 I: Test suite:63:1 == 1 is successful.
2023-05-30T22:57:14+00:00 Alexs-MacBook-Pro.local#02 I: End test suite:63:1 == 1.
2023-05-30T22:57:14+00:00 Alexs-MacBook-Pro.local#02 I: Start test suite:66:
2023-05-30T22:57:14+00:00 Alexs-MacBook-Pro.local#02 I:     bind succ [int-> int] <-
2023-05-30T22:57:14+00:00 Alexs-MacBook-Pro.local#02 I:       lam n [int] -> n + 1
2023-05-30T22:57:14+00:00 Alexs-MacBook-Pro.local#02 I:     in
2023-05-30T22:57:14+00:00 Alexs-MacBook-Pro.local#02 I: 
2023-05-30T22:57:14+00:00 Alexs-MacBook-Pro.local#02 I:     succ(succ (succ (succ (succ (succ (succ (succ (succ (0)))))))))
2023-05-30T22:57:14+00:00 Alexs-MacBook-Pro.local#02 I:     .
2023-05-30T22:57:14+00:00 Alexs-MacBook-Pro.local#02 I: Test suite:66:
2023-05-30T22:57:14+00:00 Alexs-MacBook-Pro.local#02 I:     bind succ [int-> int] <-
2023-05-30T22:57:14+00:00 Alexs-MacBook-Pro.local#02 I:       lam n [int] -> n + 1
2023-05-30T22:57:14+00:00 Alexs-MacBook-Pro.local#02 I:     in
2023-05-30T22:57:14+00:00 Alexs-MacBook-Pro.local#02 I: 
2023-05-30T22:57:14+00:00 Alexs-MacBook-Pro.local#02 I:     succ(succ (succ (succ (succ (succ (succ (succ (succ (0)))))))))
2023-05-30T22:57:14+00:00 Alexs-MacBook-Pro.local#02 I:      is successful.
2023-05-30T22:57:14+00:00 Alexs-MacBook-Pro.local#02 I: End test suite:66:
2023-05-30T22:57:14+00:00 Alexs-MacBook-Pro.local#02 I:     bind succ [int-> int] <-
2023-05-30T22:57:14+00:00 Alexs-MacBook-Pro.local#02 I:       lam n [int] -> n + 1
2023-05-30T22:57:14+00:00 Alexs-MacBook-Pro.local#02 I:     in
2023-05-30T22:57:14+00:00 Alexs-MacBook-Pro.local#02 I: 
2023-05-30T22:57:14+00:00 Alexs-MacBook-Pro.local#02 I:     succ(succ (succ (succ (succ (succ (succ (succ (succ (0)))))))))
2023-05-30T22:57:14+00:00 Alexs-MacBook-Pro.local#02 I:     .
2023-05-30T22:57:14+00:00 Alexs-MacBook-Pro.local#02 I: Start test suite:67:
2023-05-30T22:57:14+00:00 Alexs-MacBook-Pro.local#02 I:     bind a <- 1 in
2023-05-30T22:57:14+00:00 Alexs-MacBook-Pro.local#02 I:     bind a <- a in
2023-05-30T22:57:14+00:00 Alexs-MacBook-Pro.local#02 I:     a
2023-05-30T22:57:14+00:00 Alexs-MacBook-Pro.local#02 I:     .
2023-05-30T22:57:14+00:00 Alexs-MacBook-Pro.local#02 I: Test suite:67:
2023-05-30T22:57:14+00:00 Alexs-MacBook-Pro.local#02 I:     bind a <- 1 in
2023-05-30T22:57:14+00:00 Alexs-MacBook-Pro.local#02 I:     bind a <- a in
2023-05-30T22:57:14+00:00 Alexs-MacBook-Pro.local#02 I:     a
2023-05-30T22:57:14+00:00 Alexs-MacBook-Pro.local#02 I:      is successful.
2023-05-30T22:57:14+00:00 Alexs-MacBook-Pro.local#02 I: End test suite:67:
2023-05-30T22:57:14+00:00 Alexs-MacBook-Pro.local#02 I:     bind a <- 1 in
2023-05-30T22:57:14+00:00 Alexs-MacBook-Pro.local#02 I:     bind a <- a in
2023-05-30T22:57:14+00:00 Alexs-MacBook-Pro.local#02 I:     a
2023-05-30T22:57:14+00:00 Alexs-MacBook-Pro.local#02 I:     .
2023-05-30T22:57:14+00:00 Alexs-MacBook-Pro.local#02 I: Start test suite:70:1 - 1 - 1.
2023-05-30T22:57:14+00:00 Alexs-MacBook-Pro.local#02 I: Test suite:70:1 - 1 - 1 is successful.
2023-05-30T22:57:14+00:00 Alexs-MacBook-Pro.local#02 I: End test suite:70:1 - 1 - 1.
2023-05-30T22:57:14+00:00 Alexs-MacBook-Pro.local#02 I: Start test suite:71:1 - 1 - 2.
2023-05-30T22:57:14+00:00 Alexs-MacBook-Pro.local#02 I: Test suite:71:1 - 1 - 2 is successful.
2023-05-30T22:57:14+00:00 Alexs-MacBook-Pro.local#02 I: End test suite:71:1 - 1 - 2.
2023-05-30T22:57:14+00:00 Alexs-MacBook-Pro.local#02 I: Start test suite:74:10 - 5 + 5.
2023-05-30T22:57:14+00:00 Alexs-MacBook-Pro.local#02 I: Test suite:74:10 - 5 + 5 is successful.
2023-05-30T22:57:14+00:00 Alexs-MacBook-Pro.local#02 I: End test suite:74:10 - 5 + 5.
2023-05-30T22:57:14+00:00 Alexs-MacBook-Pro.local#02 I: Start test suite:75:~-10 - 5 + 5 - 5 - 5.
2023-05-30T22:57:14+00:00 Alexs-MacBook-Pro.local#02 I: Test suite:75:~-10 - 5 + 5 - 5 - 5 is successful.
2023-05-30T22:57:14+00:00 Alexs-MacBook-Pro.local#02 I: End test suite:75:~-10 - 5 + 5 - 5 - 5.
2023-05-30T22:57:14+00:00 Alexs-MacBook-Pro.local#02 I: Start test suite:78:1 + 2 - 3 + 4 - 5 + 6.
2023-05-30T22:57:14+00:00 Alexs-MacBook-Pro.local#02 I: Test suite:78:1 + 2 - 3 + 4 - 5 + 6 is successful.
2023-05-30T22:57:14+00:00 Alexs-MacBook-Pro.local#02 I: End test suite:78:1 + 2 - 3 + 4 - 5 + 6.
2023-05-30T22:57:14+00:00 Alexs-MacBook-Pro.local#02 I: Start test suite:79:1 + 2 + 3 - 4 - 5 - 6.
2023-05-30T22:57:14+00:00 Alexs-MacBook-Pro.local#02 I: Test suite:79:1 + 2 + 3 - 4 - 5 - 6 is successful.
2023-05-30T22:57:14+00:00 Alexs-MacBook-Pro.local#02 I: End test suite:79:1 + 2 + 3 - 4 - 5 - 6.
2023-05-30T22:57:14+00:00 Alexs-MacBook-Pro.local#02 I: Start test suite:82:10 / 3 * 4.
2023-05-30T22:57:14+00:00 Alexs-MacBook-Pro.local#02 I: Test suite:82:10 / 3 * 4 is successful.
2023-05-30T22:57:14+00:00 Alexs-MacBook-Pro.local#02 I: End test suite:82:10 / 3 * 4.
2023-05-30T22:57:14+00:00 Alexs-MacBook-Pro.local#02 I: Start test suite:83:100 / 2 / 5.
2023-05-30T22:57:14+00:00 Alexs-MacBook-Pro.local#02 I: Test suite:83:100 / 2 / 5 is successful.
2023-05-30T22:57:14+00:00 Alexs-MacBook-Pro.local#02 I: End test suite:83:100 / 2 / 5.
2023-05-30T22:57:14+00:00 Alexs-MacBook-Pro.local#02 I: Start test suite:85:100 / 2 % 49.
2023-05-30T22:57:14+00:00 Alexs-MacBook-Pro.local#02 I: Test suite:85:100 / 2 % 49 is successful.
2023-05-30T22:57:14+00:00 Alexs-MacBook-Pro.local#02 I: End test suite:85:100 / 2 % 49.
2023-05-30T22:57:14+00:00 Alexs-MacBook-Pro.local#02 I: Start test suite:88:if true then 0 else 1.
2023-05-30T22:57:14+00:00 Alexs-MacBook-Pro.local#02 I: Test suite:88:if true then 0 else 1 is successful.
2023-05-30T22:57:14+00:00 Alexs-MacBook-Pro.local#02 I: End test suite:88:if true then 0 else 1.
2023-05-30T22:57:14+00:00 Alexs-MacBook-Pro.local#02 I: Start test suite:90:if 1 < 2 then 0 else 1.
2023-05-30T22:57:14+00:00 Alexs-MacBook-Pro.local#02 I: Test suite:90:if 1 < 2 then 0 else 1 is successful.
2023-05-30T22:57:14+00:00 Alexs-MacBook-Pro.local#02 I: End test suite:90:if 1 < 2 then 0 else 1.
2023-05-30T22:57:14+00:00 Alexs-MacBook-Pro.local#02 I: Start test suite:92:if not true then 0 else 1.
2023-05-30T22:57:14+00:00 Alexs-MacBook-Pro.local#02 I: Test suite:92:if not true then 0 else 1 is successful.
2023-05-30T22:57:14+00:00 Alexs-MacBook-Pro.local#02 I: End test suite:92:if not true then 0 else 1.
2023-05-30T22:57:14+00:00 Alexs-MacBook-Pro.local#02 I: Start test suite:94:if not false || not true then 0 else 1.
2023-05-30T22:57:14+00:00 Alexs-MacBook-Pro.local#02 I: Test suite:94:if not false || not true then 0 else 1 is successful.
2023-05-30T22:57:14+00:00 Alexs-MacBook-Pro.local#02 I: End test suite:94:if not false || not true then 0 else 1.
