2023-06-01T03:20:35+00:00 Alexs-MBP.fios-router.home#02 I: Start test suite:1:1 + 2.
2023-06-01T03:20:35+00:00 Alexs-MBP.fios-router.home#02 I: Test suite:1:1 + 2 is successful.
2023-06-01T03:20:35+00:00 Alexs-MBP.fios-router.home#02 I: End test suite:1:1 + 2.
2023-06-01T03:20:35+00:00 Alexs-MBP.fios-router.home#02 I: Start test suite:4:100 / 30 + 5.
2023-06-01T03:20:35+00:00 Alexs-MBP.fios-router.home#02 I: Test suite:4:100 / 30 + 5 is successful.
2023-06-01T03:20:35+00:00 Alexs-MBP.fios-router.home#02 I: End test suite:4:100 / 30 + 5.
2023-06-01T03:20:35+00:00 Alexs-MBP.fios-router.home#02 I: Start test suite:6:5 + 2 * 3.
2023-06-01T03:20:35+00:00 Alexs-MBP.fios-router.home#02 I: Test suite:6:5 + 2 * 3 is successful.
2023-06-01T03:20:35+00:00 Alexs-MBP.fios-router.home#02 I: End test suite:6:5 + 2 * 3.
2023-06-01T03:20:35+00:00 Alexs-MBP.fios-router.home#02 I: Start test suite:8:1 + 2 + 3 + 4 + 5.
2023-06-01T03:20:35+00:00 Alexs-MBP.fios-router.home#02 I: Test suite:8:1 + 2 + 3 + 4 + 5 is successful.
2023-06-01T03:20:35+00:00 Alexs-MBP.fios-router.home#02 I: End test suite:8:1 + 2 + 3 + 4 + 5.
2023-06-01T03:20:35+00:00 Alexs-MBP.fios-router.home#02 I: Start test suite:10:8 - 2 - 3 - 4 - 5.
2023-06-01T03:20:35+00:00 Alexs-MBP.fios-router.home#02 I: Test suite:10:8 - 2 - 3 - 4 - 5 is successful.
2023-06-01T03:20:35+00:00 Alexs-MBP.fios-router.home#02 I: End test suite:10:8 - 2 - 3 - 4 - 5.
2023-06-01T03:20:35+00:00 Alexs-MBP.fios-router.home#02 I: Start test suite:11:6 * 2 + 3.
2023-06-01T03:20:35+00:00 Alexs-MBP.fios-router.home#02 I: Test suite:11:6 * 2 + 3 is successful.
2023-06-01T03:20:35+00:00 Alexs-MBP.fios-router.home#02 I: End test suite:11:6 * 2 + 3.
2023-06-01T03:20:35+00:00 Alexs-MBP.fios-router.home#02 I: Start test suite:13:15 / 3 - 2.
2023-06-01T03:20:35+00:00 Alexs-MBP.fios-router.home#02 I: Test suite:13:15 / 3 - 2 is successful.
2023-06-01T03:20:35+00:00 Alexs-MBP.fios-router.home#02 I: End test suite:13:15 / 3 - 2.
2023-06-01T03:20:35+00:00 Alexs-MBP.fios-router.home#02 I: Start test suite:14:20 / 4 / 5.
2023-06-01T03:20:35+00:00 Alexs-MBP.fios-router.home#02 I: Test suite:14:20 / 4 / 5 is successful.
2023-06-01T03:20:35+00:00 Alexs-MBP.fios-router.home#02 I: End test suite:14:20 / 4 / 5.
2023-06-01T03:20:35+00:00 Alexs-MBP.fios-router.home#02 I: Start test suite:16:15 - 3 + 2.
2023-06-01T03:20:35+00:00 Alexs-MBP.fios-router.home#02 I: Test suite:16:15 - 3 + 2 is successful.
2023-06-01T03:20:35+00:00 Alexs-MBP.fios-router.home#02 I: End test suite:16:15 - 3 + 2.
2023-06-01T03:20:35+00:00 Alexs-MBP.fios-router.home#02 I: Start test suite:18:20 / 5 * 2 + 3.
2023-06-01T03:20:35+00:00 Alexs-MBP.fios-router.home#02 I: Test suite:18:20 / 5 * 2 + 3 is successful.
2023-06-01T03:20:35+00:00 Alexs-MBP.fios-router.home#02 I: End test suite:18:20 / 5 * 2 + 3.
2023-06-01T03:20:35+00:00 Alexs-MBP.fios-router.home#02 I: Start test suite:20:9 + 3 * 2 - 4 / 2.
2023-06-01T03:20:35+00:00 Alexs-MBP.fios-router.home#02 I: Test suite:20:9 + 3 * 2 - 4 / 2 is successful.
2023-06-01T03:20:35+00:00 Alexs-MBP.fios-router.home#02 I: End test suite:20:9 + 3 * 2 - 4 / 2.
2023-06-01T03:20:35+00:00 Alexs-MBP.fios-router.home#02 I: Start test suite:22:12 / (4 - 2).
2023-06-01T03:20:35+00:00 Alexs-MBP.fios-router.home#02 I: Test suite:22:12 / (4 - 2) is successful.
2023-06-01T03:20:35+00:00 Alexs-MBP.fios-router.home#02 I: End test suite:22:12 / (4 - 2).
2023-06-01T03:20:35+00:00 Alexs-MBP.fios-router.home#02 I: Start test suite:24:(5 + 2) * 3 - 4.
2023-06-01T03:20:35+00:00 Alexs-MBP.fios-router.home#02 I: Test suite:24:(5 + 2) * 3 - 4 is successful.
2023-06-01T03:20:35+00:00 Alexs-MBP.fios-router.home#02 I: End test suite:24:(5 + 2) * 3 - 4.
2023-06-01T03:20:35+00:00 Alexs-MBP.fios-router.home#02 I: Start test suite:25:2 * (10 - 8) + 1.
2023-06-01T03:20:35+00:00 Alexs-MBP.fios-router.home#02 I: Test suite:25:2 * (10 - 8) + 1 is successful.
2023-06-01T03:20:35+00:00 Alexs-MBP.fios-router.home#02 I: End test suite:25:2 * (10 - 8) + 1.
2023-06-01T03:20:35+00:00 Alexs-MBP.fios-router.home#02 I: Start test suite:27:100 % 30 / 2 * 3.
2023-06-01T03:20:35+00:00 Alexs-MBP.fios-router.home#02 I: Test suite:27:100 % 30 / 2 * 3 is successful.
2023-06-01T03:20:35+00:00 Alexs-MBP.fios-router.home#02 I: End test suite:27:100 % 30 / 2 * 3.
2023-06-01T03:20:35+00:00 Alexs-MBP.fios-router.home#02 I: Start test suite:29:true.
2023-06-01T03:20:35+00:00 Alexs-MBP.fios-router.home#02 I: Test suite:29:true is successful.
2023-06-01T03:20:35+00:00 Alexs-MBP.fios-router.home#02 I: End test suite:29:true.
2023-06-01T03:20:35+00:00 Alexs-MBP.fios-router.home#02 I: Start test suite:31:true || true.
2023-06-01T03:20:35+00:00 Alexs-MBP.fios-router.home#02 I: Test suite:31:true || true is successful.
2023-06-01T03:20:35+00:00 Alexs-MBP.fios-router.home#02 I: End test suite:31:true || true.
2023-06-01T03:20:35+00:00 Alexs-MBP.fios-router.home#02 I: Start test suite:33:false || true.
2023-06-01T03:20:35+00:00 Alexs-MBP.fios-router.home#02 I: Test suite:33:false || true is successful.
2023-06-01T03:20:35+00:00 Alexs-MBP.fios-router.home#02 I: End test suite:33:false || true.
2023-06-01T03:20:35+00:00 Alexs-MBP.fios-router.home#02 I: Start test suite:35:true && true.
2023-06-01T03:20:35+00:00 Alexs-MBP.fios-router.home#02 I: Test suite:35:true && true is successful.
2023-06-01T03:20:35+00:00 Alexs-MBP.fios-router.home#02 I: End test suite:35:true && true.
2023-06-01T03:20:35+00:00 Alexs-MBP.fios-router.home#02 I: Start test suite:37:false && true.
2023-06-01T03:20:35+00:00 Alexs-MBP.fios-router.home#02 I: Test suite:37:false && true is successful.
2023-06-01T03:20:35+00:00 Alexs-MBP.fios-router.home#02 I: End test suite:37:false && true.
2023-06-01T03:20:35+00:00 Alexs-MBP.fios-router.home#02 I: Start test suite:38:false && false.
2023-06-01T03:20:35+00:00 Alexs-MBP.fios-router.home#02 I: Test suite:38:false && false is successful.
2023-06-01T03:20:35+00:00 Alexs-MBP.fios-router.home#02 I: End test suite:38:false && false.
2023-06-01T03:20:35+00:00 Alexs-MBP.fios-router.home#02 I: Start test suite:39:true && true || false.
2023-06-01T03:20:35+00:00 Alexs-MBP.fios-router.home#02 I: Test suite:39:true && true || false is successful.
2023-06-01T03:20:35+00:00 Alexs-MBP.fios-router.home#02 I: End test suite:39:true && true || false.
2023-06-01T03:20:35+00:00 Alexs-MBP.fios-router.home#02 I: Start test suite:41:true && false || false || false || (true || false && true).
2023-06-01T03:20:35+00:00 Alexs-MBP.fios-router.home#02 I: Test suite:41:true && false || false || false || (true || false && true) is successful.
2023-06-01T03:20:35+00:00 Alexs-MBP.fios-router.home#02 I: End test suite:41:true && false || false || false || (true || false && true).
2023-06-01T03:20:35+00:00 Alexs-MBP.fios-router.home#02 I: Start test suite:44:not true.
2023-06-01T03:20:35+00:00 Alexs-MBP.fios-router.home#02 I: Test suite:44:not true is successful.
2023-06-01T03:20:35+00:00 Alexs-MBP.fios-router.home#02 I: End test suite:44:not true.
2023-06-01T03:20:35+00:00 Alexs-MBP.fios-router.home#02 I: Start test suite:45:not false.
2023-06-01T03:20:35+00:00 Alexs-MBP.fios-router.home#02 I: Test suite:45:not false is successful.
2023-06-01T03:20:35+00:00 Alexs-MBP.fios-router.home#02 I: End test suite:45:not false.
2023-06-01T03:20:35+00:00 Alexs-MBP.fios-router.home#02 I: Start test suite:48:not true || false.
2023-06-01T03:20:35+00:00 Alexs-MBP.fios-router.home#02 I: Test suite:48:not true || false is successful.
2023-06-01T03:20:35+00:00 Alexs-MBP.fios-router.home#02 I: End test suite:48:not true || false.
2023-06-01T03:20:35+00:00 Alexs-MBP.fios-router.home#02 I: Start test suite:50:true && not true.
2023-06-01T03:20:35+00:00 Alexs-MBP.fios-router.home#02 I: Test suite:50:true && not true is successful.
2023-06-01T03:20:35+00:00 Alexs-MBP.fios-router.home#02 I: End test suite:50:true && not true.
2023-06-01T03:20:35+00:00 Alexs-MBP.fios-router.home#02 I: Start test suite:51:true && not false.
2023-06-01T03:20:35+00:00 Alexs-MBP.fios-router.home#02 I: Test suite:51:true && not false is successful.
2023-06-01T03:20:35+00:00 Alexs-MBP.fios-router.home#02 I: End test suite:51:true && not false.
2023-06-01T03:20:35+00:00 Alexs-MBP.fios-router.home#02 I: Start test suite:54:1 <= 2.
2023-06-01T03:20:35+00:00 Alexs-MBP.fios-router.home#02 I: Test suite:54:1 <= 2 is successful.
2023-06-01T03:20:35+00:00 Alexs-MBP.fios-router.home#02 I: End test suite:54:1 <= 2.
2023-06-01T03:20:35+00:00 Alexs-MBP.fios-router.home#02 I: Start test suite:56:1 >= 1.
2023-06-01T03:20:35+00:00 Alexs-MBP.fios-router.home#02 I: Test suite:56:1 >= 1 is successful.
2023-06-01T03:20:35+00:00 Alexs-MBP.fios-router.home#02 I: End test suite:56:1 >= 1.
2023-06-01T03:20:35+00:00 Alexs-MBP.fios-router.home#02 I: Start test suite:57:2 >= 1.
2023-06-01T03:20:35+00:00 Alexs-MBP.fios-router.home#02 I: Test suite:57:2 >= 1 is successful.
2023-06-01T03:20:35+00:00 Alexs-MBP.fios-router.home#02 I: End test suite:57:2 >= 1.
2023-06-01T03:20:35+00:00 Alexs-MBP.fios-router.home#02 I: Start test suite:59:1 < 2 && 13414 < 11413413.
2023-06-01T03:20:35+00:00 Alexs-MBP.fios-router.home#02 I: Test suite:59:1 < 2 && 13414 < 11413413 is successful.
2023-06-01T03:20:35+00:00 Alexs-MBP.fios-router.home#02 I: End test suite:59:1 < 2 && 13414 < 11413413.
2023-06-01T03:20:35+00:00 Alexs-MBP.fios-router.home#02 I: Start test suite:60:1 < 2 && 13414 > 11413413.
2023-06-01T03:20:35+00:00 Alexs-MBP.fios-router.home#02 I: Test suite:60:1 < 2 && 13414 > 11413413 is successful.
2023-06-01T03:20:35+00:00 Alexs-MBP.fios-router.home#02 I: End test suite:60:1 < 2 && 13414 > 11413413.
2023-06-01T03:20:35+00:00 Alexs-MBP.fios-router.home#02 I: Start test suite:64:1 != 1.
2023-06-01T03:20:35+00:00 Alexs-MBP.fios-router.home#02 I: Test suite:64:1 != 1 is successful.
2023-06-01T03:20:35+00:00 Alexs-MBP.fios-router.home#02 I: End test suite:64:1 != 1.
2023-06-01T03:20:35+00:00 Alexs-MBP.fios-router.home#02 I: Start test suite:66:
2023-06-01T03:20:35+00:00 Alexs-MBP.fios-router.home#02 I:     bind succ [int-> int] <-
2023-06-01T03:20:35+00:00 Alexs-MBP.fios-router.home#02 I:       lam n [int] -> n + 1
2023-06-01T03:20:35+00:00 Alexs-MBP.fios-router.home#02 I:     in
2023-06-01T03:20:35+00:00 Alexs-MBP.fios-router.home#02 I: 
2023-06-01T03:20:35+00:00 Alexs-MBP.fios-router.home#02 I:     succ(succ (succ (succ (succ (succ (succ (succ (succ (0)))))))))
2023-06-01T03:20:35+00:00 Alexs-MBP.fios-router.home#02 I:     .
2023-06-01T03:20:35+00:00 Alexs-MBP.fios-router.home#02 I: Test suite:66:
2023-06-01T03:20:35+00:00 Alexs-MBP.fios-router.home#02 I:     bind succ [int-> int] <-
2023-06-01T03:20:35+00:00 Alexs-MBP.fios-router.home#02 I:       lam n [int] -> n + 1
2023-06-01T03:20:35+00:00 Alexs-MBP.fios-router.home#02 I:     in
2023-06-01T03:20:35+00:00 Alexs-MBP.fios-router.home#02 I: 
2023-06-01T03:20:35+00:00 Alexs-MBP.fios-router.home#02 I:     succ(succ (succ (succ (succ (succ (succ (succ (succ (0)))))))))
2023-06-01T03:20:35+00:00 Alexs-MBP.fios-router.home#02 I:      is successful.
2023-06-01T03:20:35+00:00 Alexs-MBP.fios-router.home#02 I: End test suite:66:
2023-06-01T03:20:35+00:00 Alexs-MBP.fios-router.home#02 I:     bind succ [int-> int] <-
2023-06-01T03:20:35+00:00 Alexs-MBP.fios-router.home#02 I:       lam n [int] -> n + 1
2023-06-01T03:20:35+00:00 Alexs-MBP.fios-router.home#02 I:     in
2023-06-01T03:20:35+00:00 Alexs-MBP.fios-router.home#02 I: 
2023-06-01T03:20:35+00:00 Alexs-MBP.fios-router.home#02 I:     succ(succ (succ (succ (succ (succ (succ (succ (succ (0)))))))))
2023-06-01T03:20:35+00:00 Alexs-MBP.fios-router.home#02 I:     .
2023-06-01T03:20:35+00:00 Alexs-MBP.fios-router.home#02 I: Start test suite:68:
2023-06-01T03:20:35+00:00 Alexs-MBP.fios-router.home#02 I:     bind f <-
2023-06-01T03:20:35+00:00 Alexs-MBP.fios-router.home#02 I:       lam a [str] -> a
2023-06-01T03:20:35+00:00 Alexs-MBP.fios-router.home#02 I:     in
2023-06-01T03:20:35+00:00 Alexs-MBP.fios-router.home#02 I:     f ""
2023-06-01T03:20:35+00:00 Alexs-MBP.fios-router.home#02 I:     .
2023-06-01T03:20:35+00:00 Alexs-MBP.fios-router.home#02 I: Test suite:68:
2023-06-01T03:20:35+00:00 Alexs-MBP.fios-router.home#02 I:     bind f <-
2023-06-01T03:20:35+00:00 Alexs-MBP.fios-router.home#02 I:       lam a [str] -> a
2023-06-01T03:20:35+00:00 Alexs-MBP.fios-router.home#02 I:     in
2023-06-01T03:20:35+00:00 Alexs-MBP.fios-router.home#02 I:     f ""
2023-06-01T03:20:35+00:00 Alexs-MBP.fios-router.home#02 I:      is successful.
2023-06-01T03:20:35+00:00 Alexs-MBP.fios-router.home#02 I: End test suite:68:
2023-06-01T03:20:35+00:00 Alexs-MBP.fios-router.home#02 I:     bind f <-
2023-06-01T03:20:35+00:00 Alexs-MBP.fios-router.home#02 I:       lam a [str] -> a
2023-06-01T03:20:35+00:00 Alexs-MBP.fios-router.home#02 I:     in
2023-06-01T03:20:35+00:00 Alexs-MBP.fios-router.home#02 I:     f ""
2023-06-01T03:20:35+00:00 Alexs-MBP.fios-router.home#02 I:     .
2023-06-01T03:20:35+00:00 Alexs-MBP.fios-router.home#02 I: Start test suite:70:1 - 1 - 1.
2023-06-01T03:20:35+00:00 Alexs-MBP.fios-router.home#02 I: Test suite:70:1 - 1 - 1 is successful.
2023-06-01T03:20:35+00:00 Alexs-MBP.fios-router.home#02 I: End test suite:70:1 - 1 - 1.
2023-06-01T03:20:35+00:00 Alexs-MBP.fios-router.home#02 I: Start test suite:73:1 + 5 - 4 - 3.
2023-06-01T03:20:35+00:00 Alexs-MBP.fios-router.home#02 I: Test suite:73:1 + 5 - 4 - 3 is successful.
2023-06-01T03:20:35+00:00 Alexs-MBP.fios-router.home#02 I: End test suite:73:1 + 5 - 4 - 3.
2023-06-01T03:20:35+00:00 Alexs-MBP.fios-router.home#02 I: Start test suite:75:~-10 - 5 + 5 - 5 - 5.
2023-06-01T03:20:35+00:00 Alexs-MBP.fios-router.home#02 I: Test suite:75:~-10 - 5 + 5 - 5 - 5 is successful.
2023-06-01T03:20:35+00:00 Alexs-MBP.fios-router.home#02 I: End test suite:75:~-10 - 5 + 5 - 5 - 5.
2023-06-01T03:20:35+00:00 Alexs-MBP.fios-router.home#02 I: Start test suite:76:1 - 2 - 3 - 4 - 5.
2023-06-01T03:20:35+00:00 Alexs-MBP.fios-router.home#02 I: Test suite:76:1 - 2 - 3 - 4 - 5 is successful.
2023-06-01T03:20:35+00:00 Alexs-MBP.fios-router.home#02 I: End test suite:76:1 - 2 - 3 - 4 - 5.
2023-06-01T03:20:35+00:00 Alexs-MBP.fios-router.home#02 I: Start test suite:78:1 + 2 - 3 + 4 - 5 + 6.
2023-06-01T03:20:35+00:00 Alexs-MBP.fios-router.home#02 I: Test suite:78:1 + 2 - 3 + 4 - 5 + 6 is successful.
2023-06-01T03:20:35+00:00 Alexs-MBP.fios-router.home#02 I: End test suite:78:1 + 2 - 3 + 4 - 5 + 6.
2023-06-01T03:20:35+00:00 Alexs-MBP.fios-router.home#02 I: Start test suite:80:1 * 2 * 3 * 4.
2023-06-01T03:20:35+00:00 Alexs-MBP.fios-router.home#02 I: Test suite:80:1 * 2 * 3 * 4 is successful.
2023-06-01T03:20:35+00:00 Alexs-MBP.fios-router.home#02 I: End test suite:80:1 * 2 * 3 * 4.
2023-06-01T03:20:35+00:00 Alexs-MBP.fios-router.home#02 I: Start test suite:81:10 / 2 * 3.
2023-06-01T03:20:35+00:00 Alexs-MBP.fios-router.home#02 I: Test suite:81:10 / 2 * 3 is successful.
2023-06-01T03:20:35+00:00 Alexs-MBP.fios-router.home#02 I: End test suite:81:10 / 2 * 3.
2023-06-01T03:20:35+00:00 Alexs-MBP.fios-router.home#02 I: Start test suite:83:100 / 2 / 5.
2023-06-01T03:20:35+00:00 Alexs-MBP.fios-router.home#02 I: Test suite:83:100 / 2 / 5 is successful.
2023-06-01T03:20:35+00:00 Alexs-MBP.fios-router.home#02 I: End test suite:83:100 / 2 / 5.
2023-06-01T03:20:35+00:00 Alexs-MBP.fios-router.home#02 I: Start test suite:85:100 / 2 % 49.
2023-06-01T03:20:35+00:00 Alexs-MBP.fios-router.home#02 I: Test suite:85:100 / 2 % 49 is successful.
2023-06-01T03:20:35+00:00 Alexs-MBP.fios-router.home#02 I: End test suite:85:100 / 2 % 49.
2023-06-01T03:20:35+00:00 Alexs-MBP.fios-router.home#02 I: Start test suite:86:2 * 5 % 4.
2023-06-01T03:20:35+00:00 Alexs-MBP.fios-router.home#02 I: Test suite:86:2 * 5 % 4 is successful.
2023-06-01T03:20:35+00:00 Alexs-MBP.fios-router.home#02 I: End test suite:86:2 * 5 % 4.
2023-06-01T03:20:35+00:00 Alexs-MBP.fios-router.home#02 I: Start test suite:89:if false then 0 else 1.
2023-06-01T03:20:35+00:00 Alexs-MBP.fios-router.home#02 I: Test suite:89:if false then 0 else 1 is successful.
2023-06-01T03:20:35+00:00 Alexs-MBP.fios-router.home#02 I: End test suite:89:if false then 0 else 1.
2023-06-01T03:20:35+00:00 Alexs-MBP.fios-router.home#02 I: Start test suite:91:if 1 > 2 then 0 else 1.
2023-06-01T03:20:35+00:00 Alexs-MBP.fios-router.home#02 I: Test suite:91:if 1 > 2 then 0 else 1 is successful.
2023-06-01T03:20:35+00:00 Alexs-MBP.fios-router.home#02 I: End test suite:91:if 1 > 2 then 0 else 1.
2023-06-01T03:20:35+00:00 Alexs-MBP.fios-router.home#02 I: Start test suite:92:if not true then 0 else 1.
2023-06-01T03:20:35+00:00 Alexs-MBP.fios-router.home#02 I: Test suite:92:if not true then 0 else 1 is successful.
2023-06-01T03:20:35+00:00 Alexs-MBP.fios-router.home#02 I: End test suite:92:if not true then 0 else 1.
2023-06-01T03:20:35+00:00 Alexs-MBP.fios-router.home#02 I: Start test suite:94:if not false || not true then 0 else 1.
2023-06-01T03:20:35+00:00 Alexs-MBP.fios-router.home#02 I: Test suite:94:if not false || not true then 0 else 1 is successful.
2023-06-01T03:20:35+00:00 Alexs-MBP.fios-router.home#02 I: End test suite:94:if not false || not true then 0 else 1.
